<?xml version="1.0" encoding="UTF-8"?>
<testsuite name="com.group3.groupmanager.GroupmanagerApplicationTests" tests="1" skipped="0" failures="0" errors="0" timestamp="2020-03-06T09:05:01" hostname="Parths-MacBook-Air.local" time="0.003">
  <properties/>
  <testcase name="contextLoads()" classname="com.group3.groupmanager.GroupmanagerApplicationTests" time="0.003"/>
  <system-out><![CDATA[2020-03-06 05:05:00.125  INFO 43250 --- [    Test worker] .b.t.c.SpringBootTestContextBootstrapper : Neither @ContextConfiguration nor @ContextHierarchy found for test class [com.group3.groupmanager.GroupmanagerApplicationTests], using SpringBootContextLoader
2020-03-06 05:05:00.126  INFO 43250 --- [    Test worker] o.s.t.c.support.AbstractContextLoader    : Could not detect default resource locations for test class [com.group3.groupmanager.GroupmanagerApplicationTests]: no resource found for suffixes {-context.xml, Context.groovy}.
2020-03-06 05:05:00.128  INFO 43250 --- [    Test worker] t.c.s.AnnotationConfigContextLoaderUtils : Could not detect default configuration classes for test class [com.group3.groupmanager.GroupmanagerApplicationTests]: GroupmanagerApplicationTests does not declare any static, non-private, non-final, nested classes annotated with @Configuration.
2020-03-06 05:05:00.135  INFO 43250 --- [    Test worker] .b.t.c.SpringBootTestContextBootstrapper : Found @SpringBootConfiguration com.group3.groupmanager.GroupmanagerApplication for test class com.group3.groupmanager.GroupmanagerApplicationTests
2020-03-06 05:05:00.139  INFO 43250 --- [    Test worker] .b.t.c.SpringBootTestContextBootstrapper : Loaded default TestExecutionListener class names from location [META-INF/spring.factories]: [org.springframework.security.test.context.support.WithSecurityContextTestExecutionListener, org.springframework.security.test.context.support.ReactorContextTestExecutionListener, org.springframework.boot.test.autoconfigure.restdocs.RestDocsTestExecutionListener, org.springframework.boot.test.autoconfigure.web.client.MockRestServiceServerResetTestExecutionListener, org.springframework.boot.test.autoconfigure.web.servlet.MockMvcPrintOnlyOnFailureTestExecutionListener, org.springframework.boot.test.autoconfigure.web.servlet.WebDriverTestExecutionListener, org.springframework.boot.test.mock.mockito.MockitoTestExecutionListener, org.springframework.boot.test.mock.mockito.ResetMocksTestExecutionListener, org.springframework.test.context.web.ServletTestExecutionListener, org.springframework.test.context.support.DirtiesContextBeforeModesTestExecutionListener, org.springframework.test.context.support.DependencyInjectionTestExecutionListener, org.springframework.test.context.support.DirtiesContextTestExecutionListener, org.springframework.test.context.transaction.TransactionalTestExecutionListener, org.springframework.test.context.jdbc.SqlScriptsTestExecutionListener, org.springframework.test.context.event.EventPublishingTestExecutionListener]
2020-03-06 05:05:00.140  INFO 43250 --- [    Test worker] .b.t.c.SpringBootTestContextBootstrapper : Using TestExecutionListeners: [org.springframework.test.context.web.ServletTestExecutionListener@3c7ae146, org.springframework.test.context.support.DirtiesContextBeforeModesTestExecutionListener@45014eee, org.springframework.boot.test.mock.mockito.MockitoTestExecutionListener@1f9339a4, org.springframework.boot.test.autoconfigure.SpringBootDependencyInjectionTestExecutionListener@2ff40802, org.springframework.test.context.support.DirtiesContextTestExecutionListener@44efac6b, org.springframework.test.context.transaction.TransactionalTestExecutionListener@b56ec26, org.springframework.test.context.jdbc.SqlScriptsTestExecutionListener@d8ebaf1, org.springframework.security.test.context.support.WithSecurityContextTestExecutionListener@2b5175a, org.springframework.test.context.event.EventPublishingTestExecutionListener@3b007f93, org.springframework.security.test.context.support.ReactorContextTestExecutionListener@70b8309, org.springframework.boot.test.autoconfigure.restdocs.RestDocsTestExecutionListener@7f2af82b, org.springframework.boot.test.autoconfigure.web.client.MockRestServiceServerResetTestExecutionListener@550f2f53, org.springframework.boot.test.autoconfigure.web.servlet.MockMvcPrintOnlyOnFailureTestExecutionListener@6d4b2e86, org.springframework.boot.test.autoconfigure.web.servlet.WebDriverTestExecutionListener@3683fbed, org.springframework.boot.test.mock.mockito.ResetMocksTestExecutionListener@1ec0a6b6]

  .   ____          _            __ _ _
 /\\ / ___'_ __ _ _(_)_ __  __ _ \ \ \ \
( ( )\___ | '_ | '_| | '_ \/ _` | \ \ \ \
 \\/  ___)| |_)| | | | | || (_| |  ) ) ) )
  '  |____| .__|_| |_|_| |_\__, | / / / /
 =========|_|==============|___/=/_/_/_/
 :: Spring Boot ::        (v2.2.4.RELEASE)

2020-03-06 05:05:00.162  INFO 43250 --- [    Test worker] c.g.g.GroupmanagerApplicationTests       : Starting GroupmanagerApplicationTests on TA143.WPA.Dal.Ca with PID 43250 (started by parthpanchal7 in /Users/parthpanchal7/Documents/realsedProject/freshRepo/group-three)
2020-03-06 05:05:00.163  INFO 43250 --- [    Test worker] c.g.g.GroupmanagerApplicationTests       : No active profile set, falling back to default profiles: default
2020-03-06 05:05:00.559  INFO 43250 --- [    Test worker] c.g.C.Services.DeleteQuestionService     : DeleteQuestionService constructor called!
2020-03-06 05:05:00.561  INFO 43250 --- [    Test worker] c.g.C.Services.ObtainQuestionsService    : ObtainQuestions constructor called!
2020-03-06 05:05:00.564  INFO 43250 --- [    Test worker] c.g.C.Services.ObtainQuestionsService    : ObtainQuestions constructor called!
2020-03-06 05:05:00.566  INFO 43250 --- [    Test worker] c.g.C.Services.ObtainQuestionsService    : ObtainQuestions constructor called!
2020-03-06 05:05:00.986  INFO 43250 --- [    Test worker] o.s.s.web.DefaultSecurityFilterChain     : Creating filter chain: any request, [org.springframework.security.web.context.request.async.WebAsyncManagerIntegrationFilter@6c4710a3, org.springframework.security.web.context.SecurityContextPersistenceFilter@7fb02fbf, org.springframework.security.web.header.HeaderWriterFilter@5e61c83a, org.springframework.web.filter.CorsFilter@3d5f1986, org.springframework.security.web.authentication.logout.LogoutFilter@7f98ec18, org.springframework.security.web.authentication.UsernamePasswordAuthenticationFilter@3b17733f, org.springframework.security.web.savedrequest.RequestCacheAwareFilter@77db61b2, org.springframework.security.web.servletapi.SecurityContextHolderAwareRequestFilter@27ab576b, org.springframework.security.web.authentication.AnonymousAuthenticationFilter@24bb826a, org.springframework.security.web.session.SessionManagementFilter@443c4358, org.springframework.security.web.access.ExceptionTranslationFilter@2735ead9, org.springframework.security.web.access.intercept.FilterSecurityInterceptor@3ff4c136]
2020-03-06 05:05:01.132  INFO 43250 --- [    Test worker] o.s.s.concurrent.ThreadPoolTaskExecutor  : Initializing ExecutorService 'applicationTaskExecutor'
2020-03-06 05:05:01.278  INFO 43250 --- [    Test worker] c.g.g.GroupmanagerApplicationTests       : Started GroupmanagerApplicationTests in 1.135 seconds (JVM running for 31.979)
]]></system-out>
  <system-err><![CDATA[]]></system-err>
</testsuite>
