<?xml version="1.0" encoding="UTF-8"?>
<testsuite name="com.group3.Course.DAO.StudentDAOTest" tests="3" skipped="0" failures="0" errors="0" timestamp="2020-03-06T09:04:51" hostname="Parths-MacBook-Air.local" time="0.336">
  <properties/>
  <testcase name="getStudentByMailIdTest()" classname="com.group3.Course.DAO.StudentDAOTest" time="0.157"/>
  <testcase name="getAllStudentsTest()" classname="com.group3.Course.DAO.StudentDAOTest" time="0.03"/>
  <testcase name="assignTA()" classname="com.group3.Course.DAO.StudentDAOTest" time="0.145"/>
  <system-out><![CDATA[Test User Inserted!
2020-03-06 05:04:51.868  INFO 43250 --- [    Test worker] com.group3.Course.DAO.StudentDAO         : SEARCH STUDENT QUERY EXECUTED
2020-03-06 05:04:51.869  INFO 43250 --- [    Test worker] com.group3.Course.DAO.StudentDAO         : Wick
Test Student deleted!
2020-03-06 05:04:51.958  INFO 43250 --- [    Test worker] com.group3.Course.DAO.StudentDAO         : QUERY EXECUTED
2020-03-06 05:04:51.959  INFO 43250 --- [    Test worker] com.group3.Course.DAO.StudentDAO         : y
2020-03-06 05:04:51.960  INFO 43250 --- [    Test worker] com.group3.Course.DAO.StudentDAO         : Etark
2020-03-06 05:04:51.961  INFO 43250 --- [    Test worker] com.group3.Course.DAO.StudentDAO         : z
2020-03-06 05:04:51.963  INFO 43250 --- [    Test worker] com.group3.Course.DAO.StudentDAO         : Pan
2020-03-06 05:04:51.963  INFO 43250 --- [    Test worker] com.group3.Course.DAO.StudentDAO         : Rogers
2020-03-06 05:04:51.963  INFO 43250 --- [    Test worker] com.group3.Course.DAO.StudentDAO         : Stark
Test User Inserted!
Test User Inserted!
1
1
2020-03-06 05:04:52.051  INFO 43250 --- [    Test worker] com.group3.Course.DAO.StudentDAO         : WRITE TO DATABASE SUCCESSFUL!
2020-03-06 05:04:52.077  INFO 43250 --- [    Test worker] com.group3.Course.DAO.StudentDAO         : SEARCH STUDENT QUERY EXECUTED
2020-03-06 05:04:52.077  INFO 43250 --- [    Test worker] com.group3.Course.DAO.StudentDAO         : Wick
Test Student deleted!
]]></system-out>
  <system-err><![CDATA[]]></system-err>
</testsuite>
