<?xml version="1.0" encoding="UTF-8"?>
<testsuite name="com.group3.AdminAndAuthorization.CreateCourseControllerTest" tests="3" skipped="0" failures="0" errors="0" timestamp="2020-03-06T09:05:15" hostname="Parths-MacBook-Air.local" time="0.356">
  <properties/>
  <testcase name="testAddCourseAlreadyExist()" classname="com.group3.AdminAndAuthorization.CreateCourseControllerTest" time="0.12"/>
  <testcase name="testAddCourseCreatedSucess()" classname="com.group3.AdminAndAuthorization.CreateCourseControllerTest" time="0.132"/>
  <testcase name="testRenderCoursePage()" classname="com.group3.AdminAndAuthorization.CreateCourseControllerTest" time="0.013"/>
  <system-out><![CDATA[2020-03-06 05:05:15.716  INFO 43250 --- [    Test worker] .b.t.c.SpringBootTestContextBootstrapper : Neither @ContextConfiguration nor @ContextHierarchy found for test class [com.group3.AdminAndAuthorization.CreateCourseControllerTest], using SpringBootContextLoader
2020-03-06 05:05:15.717  INFO 43250 --- [    Test worker] o.s.t.c.support.AbstractContextLoader    : Could not detect default resource locations for test class [com.group3.AdminAndAuthorization.CreateCourseControllerTest]: no resource found for suffixes {-context.xml, Context.groovy}.
2020-03-06 05:05:15.722  INFO 43250 --- [    Test worker] .b.t.c.SpringBootTestContextBootstrapper : Loaded default TestExecutionListener class names from location [META-INF/spring.factories]: [org.springframework.security.test.context.support.WithSecurityContextTestExecutionListener, org.springframework.security.test.context.support.ReactorContextTestExecutionListener, org.springframework.boot.test.autoconfigure.restdocs.RestDocsTestExecutionListener, org.springframework.boot.test.autoconfigure.web.client.MockRestServiceServerResetTestExecutionListener, org.springframework.boot.test.autoconfigure.web.servlet.MockMvcPrintOnlyOnFailureTestExecutionListener, org.springframework.boot.test.autoconfigure.web.servlet.WebDriverTestExecutionListener, org.springframework.boot.test.mock.mockito.MockitoTestExecutionListener, org.springframework.boot.test.mock.mockito.ResetMocksTestExecutionListener, org.springframework.test.context.web.ServletTestExecutionListener, org.springframework.test.context.support.DirtiesContextBeforeModesTestExecutionListener, org.springframework.test.context.support.DependencyInjectionTestExecutionListener, org.springframework.test.context.support.DirtiesContextTestExecutionListener, org.springframework.test.context.transaction.TransactionalTestExecutionListener, org.springframework.test.context.jdbc.SqlScriptsTestExecutionListener, org.springframework.test.context.event.EventPublishingTestExecutionListener]
2020-03-06 05:05:15.723  INFO 43250 --- [    Test worker] .b.t.c.SpringBootTestContextBootstrapper : Using TestExecutionListeners: [org.springframework.test.context.web.ServletTestExecutionListener@5d7a67d6, org.springframework.test.context.support.DirtiesContextBeforeModesTestExecutionListener@23cf7f73, org.springframework.boot.test.mock.mockito.MockitoTestExecutionListener@11da0d66, org.springframework.boot.test.autoconfigure.SpringBootDependencyInjectionTestExecutionListener@287b8563, org.springframework.test.context.support.DirtiesContextTestExecutionListener@2631136d, org.springframework.test.context.transaction.TransactionalTestExecutionListener@7eddc43f, org.springframework.test.context.jdbc.SqlScriptsTestExecutionListener@3fad57bf, org.springframework.security.test.context.support.WithSecurityContextTestExecutionListener@4b099db4, org.springframework.test.context.event.EventPublishingTestExecutionListener@650d55c3, org.springframework.security.test.context.support.ReactorContextTestExecutionListener@75e19961, org.springframework.boot.test.autoconfigure.restdocs.RestDocsTestExecutionListener@20a428cd, org.springframework.boot.test.autoconfigure.web.client.MockRestServiceServerResetTestExecutionListener@27c7f550, org.springframework.boot.test.autoconfigure.web.servlet.MockMvcPrintOnlyOnFailureTestExecutionListener@286b0f26, org.springframework.boot.test.autoconfigure.web.servlet.WebDriverTestExecutionListener@5138a1db, org.springframework.boot.test.mock.mockito.ResetMocksTestExecutionListener@50db1971]

MockHttpServletRequest:
      HTTP Method = POST
      Request URI = /addCourse
       Parameters = {CourseId=[csci7000], CourseName=[Visual Processing]}
          Headers = []
             Body = null
    Session Attrs = {SPRING_SECURITY_CONTEXT=org.springframework.security.core.context.SecurityContextImpl@81c98b2: Authentication: org.springframework.security.authentication.UsernamePasswordAuthenticationToken@81c98b2: Principal: org.springframework.security.core.userdetails.User@36ebcb: Username: user; Password: [PROTECTED]; Enabled: true; AccountNonExpired: true; credentialsNonExpired: true; AccountNonLocked: true; Granted Authorities: ROLE_ADMIN; Credentials: [PROTECTED]; Authenticated: true; Details: null; Granted Authorities: ROLE_ADMIN}

Handler:
             Type = com.group3.AdminAndAuthorization.CreateCourseController
           Method = com.group3.AdminAndAuthorization.CreateCourseController#addCourse(Course, Model)

Async:
    Async started = false
     Async result = null

Resolved Exception:
             Type = null

ModelAndView:
        View name = AddCourse.html
             View = null
        Attribute = course
            value = com.group3.BusinessModels.Course@764c2e63
           errors = []
        Attribute = operationFeedback
            value = [Course Name  Visual Processing with Course ID csci7000 already exists !! ]

FlashMap:
       Attributes = null

MockHttpServletResponse:
           Status = 200
    Error message = null
          Headers = [Vary:"Origin", "Access-Control-Request-Method", "Access-Control-Request-Headers", Content-Language:"en", Content-Type:"text/html;charset=UTF-8", X-Content-Type-Options:"nosniff", X-XSS-Protection:"1; mode=block", Cache-Control:"no-cache, no-store, max-age=0, must-revalidate", Pragma:"no-cache", Expires:"0", X-Frame-Options:"DENY"]
     Content type = text/html;charset=UTF-8
             Body = <!DOCTYPE html>
<html>

<head>
    <meta charset="utf-8">
    <meta name="viewport" content="width=device-width, initial-scale=1.0, shrink-to-fit=no">
    <title>AddCourse</title>
    <meta name="viewport" content="width=device-width, initial-scale=1">
  <link rel="stylesheet" href="https://maxcdn.bootstrapcdn.com/bootstrap/3.4.1/css/bootstrap.min.css">
  <script src="https://ajax.googleapis.com/ajax/libs/jquery/3.4.1/jquery.min.js"></script>
  <script src="https://maxcdn.bootstrapcdn.com/bootstrap/3.4.1/js/bootstrap.min.js"></script>
  <script type="text/javascript" src="checkCourseField.js"></script>
</head>

<body>
    <div class="container"></div>
    <div class="container"></div>
    
    <div class="container">
  <h2>Course Entry Form</h2>
  <form action="addCourse" method="Post" onsubmit="validateFields()">
    <div class="form-group">
      <label for="cid">Course ID:</label>
      <input type="text" class="form-control"  placeholder="Enter Course ID" name="CourseId" id="CourseId">
    </div>
    <div class="form-group">
      <label for="CName">Course Name:</label>
      <input type="text" class="form-control"   placeholder="Enter ` Name" name="CourseName" id="CourseName">
    </div>
    
    <button type="submit" class="btn btn-default" onclick="validateFields()">Submit</button>
  </form>
</div>
    
    <div class="container">
        <p >
        <span>Course Name  Visual Processing with Course ID csci7000 already exists !! </span></p>
        
    </div>
    <script src="assets/js/jquery.min.js"></script>
    <script src="assets/bootstrap/js/bootstrap.min.js"></script>
</body>

</html>
    Forwarded URL = null
   Redirected URL = null
          Cookies = []

MockHttpServletRequest:
      HTTP Method = POST
      Request URI = /addCourse
       Parameters = {CourseId=[CSCI5608], CourseName=[Solid Mechanics]}
          Headers = []
             Body = null
    Session Attrs = {SPRING_SECURITY_CONTEXT=org.springframework.security.core.context.SecurityContextImpl@81c98b2: Authentication: org.springframework.security.authentication.UsernamePasswordAuthenticationToken@81c98b2: Principal: org.springframework.security.core.userdetails.User@36ebcb: Username: user; Password: [PROTECTED]; Enabled: true; AccountNonExpired: true; credentialsNonExpired: true; AccountNonLocked: true; Granted Authorities: ROLE_ADMIN; Credentials: [PROTECTED]; Authenticated: true; Details: null; Granted Authorities: ROLE_ADMIN}

Handler:
             Type = com.group3.AdminAndAuthorization.CreateCourseController
           Method = com.group3.AdminAndAuthorization.CreateCourseController#addCourse(Course, Model)

Async:
    Async started = false
     Async result = null

Resolved Exception:
             Type = null

ModelAndView:
        View name = AddCourse.html
             View = null
        Attribute = course
            value = com.group3.BusinessModels.Course@372a5b31
           errors = []
        Attribute = operationFeedback
            value = [Solid Mechanics with CSCI5608 created successfully]

FlashMap:
       Attributes = null

MockHttpServletResponse:
           Status = 200
    Error message = null
          Headers = [Vary:"Origin", "Access-Control-Request-Method", "Access-Control-Request-Headers", Content-Language:"en", Content-Type:"text/html;charset=UTF-8", X-Content-Type-Options:"nosniff", X-XSS-Protection:"1; mode=block", Cache-Control:"no-cache, no-store, max-age=0, must-revalidate", Pragma:"no-cache", Expires:"0", X-Frame-Options:"DENY"]
     Content type = text/html;charset=UTF-8
             Body = <!DOCTYPE html>
<html>

<head>
    <meta charset="utf-8">
    <meta name="viewport" content="width=device-width, initial-scale=1.0, shrink-to-fit=no">
    <title>AddCourse</title>
    <meta name="viewport" content="width=device-width, initial-scale=1">
  <link rel="stylesheet" href="https://maxcdn.bootstrapcdn.com/bootstrap/3.4.1/css/bootstrap.min.css">
  <script src="https://ajax.googleapis.com/ajax/libs/jquery/3.4.1/jquery.min.js"></script>
  <script src="https://maxcdn.bootstrapcdn.com/bootstrap/3.4.1/js/bootstrap.min.js"></script>
  <script type="text/javascript" src="checkCourseField.js"></script>
</head>

<body>
    <div class="container"></div>
    <div class="container"></div>
    
    <div class="container">
  <h2>Course Entry Form</h2>
  <form action="addCourse" method="Post" onsubmit="validateFields()">
    <div class="form-group">
      <label for="cid">Course ID:</label>
      <input type="text" class="form-control"  placeholder="Enter Course ID" name="CourseId" id="CourseId">
    </div>
    <div class="form-group">
      <label for="CName">Course Name:</label>
      <input type="text" class="form-control"   placeholder="Enter ` Name" name="CourseName" id="CourseName">
    </div>
    
    <button type="submit" class="btn btn-default" onclick="validateFields()">Submit</button>
  </form>
</div>
    
    <div class="container">
        <p >
        <span>Solid Mechanics with CSCI5608 created successfully</span></p>
        
    </div>
    <script src="assets/js/jquery.min.js"></script>
    <script src="assets/bootstrap/js/bootstrap.min.js"></script>
</body>

</html>
    Forwarded URL = null
   Redirected URL = null
          Cookies = []

MockHttpServletRequest:
      HTTP Method = GET
      Request URI = /addCoursePageRequest
       Parameters = {}
          Headers = []
             Body = null
    Session Attrs = {SPRING_SECURITY_CONTEXT=org.springframework.security.core.context.SecurityContextImpl@81c98b2: Authentication: org.springframework.security.authentication.UsernamePasswordAuthenticationToken@81c98b2: Principal: org.springframework.security.core.userdetails.User@36ebcb: Username: user; Password: [PROTECTED]; Enabled: true; AccountNonExpired: true; credentialsNonExpired: true; AccountNonLocked: true; Granted Authorities: ROLE_ADMIN; Credentials: [PROTECTED]; Authenticated: true; Details: null; Granted Authorities: ROLE_ADMIN}

Handler:
             Type = com.group3.AdminAndAuthorization.CreateCourseController
           Method = com.group3.AdminAndAuthorization.CreateCourseController#renderCoursePage()

Async:
    Async started = false
     Async result = null

Resolved Exception:
             Type = null

ModelAndView:
        View name = AddCourse.html
             View = null
            Model = null

FlashMap:
       Attributes = null

MockHttpServletResponse:
           Status = 200
    Error message = null
          Headers = [Vary:"Origin", "Access-Control-Request-Method", "Access-Control-Request-Headers", Content-Language:"en", Content-Type:"text/html;charset=UTF-8", X-Content-Type-Options:"nosniff", X-XSS-Protection:"1; mode=block", Cache-Control:"no-cache, no-store, max-age=0, must-revalidate", Pragma:"no-cache", Expires:"0", X-Frame-Options:"DENY"]
     Content type = text/html;charset=UTF-8
             Body = <!DOCTYPE html>
<html>

<head>
    <meta charset="utf-8">
    <meta name="viewport" content="width=device-width, initial-scale=1.0, shrink-to-fit=no">
    <title>AddCourse</title>
    <meta name="viewport" content="width=device-width, initial-scale=1">
  <link rel="stylesheet" href="https://maxcdn.bootstrapcdn.com/bootstrap/3.4.1/css/bootstrap.min.css">
  <script src="https://ajax.googleapis.com/ajax/libs/jquery/3.4.1/jquery.min.js"></script>
  <script src="https://maxcdn.bootstrapcdn.com/bootstrap/3.4.1/js/bootstrap.min.js"></script>
  <script type="text/javascript" src="checkCourseField.js"></script>
</head>

<body>
    <div class="container"></div>
    <div class="container"></div>
    
    <div class="container">
  <h2>Course Entry Form</h2>
  <form action="addCourse" method="Post" onsubmit="validateFields()">
    <div class="form-group">
      <label for="cid">Course ID:</label>
      <input type="text" class="form-control"  placeholder="Enter Course ID" name="CourseId" id="CourseId">
    </div>
    <div class="form-group">
      <label for="CName">Course Name:</label>
      <input type="text" class="form-control"   placeholder="Enter ` Name" name="CourseName" id="CourseName">
    </div>
    
    <button type="submit" class="btn btn-default" onclick="validateFields()">Submit</button>
  </form>
</div>
    
    <div class="container">
        
        
    </div>
    <script src="assets/js/jquery.min.js"></script>
    <script src="assets/bootstrap/js/bootstrap.min.js"></script>
</body>

</html>
    Forwarded URL = null
   Redirected URL = null
          Cookies = []
]]></system-out>
  <system-err><![CDATA[]]></system-err>
</testsuite>
