<?xml version="1.0" encoding="UTF-8"?>
<testsuite name="com.group3.CreateQuestion.Services.EmptyStringValidationServiceTest" tests="1" skipped="0" failures="0" errors="0" timestamp="2020-03-06T09:05:07" hostname="Parths-MacBook-Air.local" time="0.001">
  <properties/>
  <testcase name="isValid()" classname="com.group3.CreateQuestion.Services.EmptyStringValidationServiceTest" time="0.001"/>
  <system-out><![CDATA[2020-03-06 05:05:07.963 ERROR 43250 --- [    Test worker] c.g.C.S.EmptyStringValidationService     : Empty String detected
]]></system-out>
  <system-err><![CDATA[]]></system-err>
</testsuite>
