<?xml version="1.0" encoding="UTF-8"?>
<testsuite name="com.group3.Course.Services.CourseManagerTest" tests="3" skipped="0" failures="0" errors="0" timestamp="2020-03-06T09:04:55" hostname="Parths-MacBook-Air.local" time="0.01">
  <properties/>
  <testcase name="getCoursesForGuestTest()" classname="com.group3.Course.Services.CourseManagerTest" time="0.005"/>
  <testcase name="getCoursesByTAMailIdTest()" classname="com.group3.Course.Services.CourseManagerTest" time="0.0"/>
  <testcase name="getCoursesByInstructorMailIdTest()" classname="com.group3.Course.Services.CourseManagerTest" time="0.002"/>
  <system-out><![CDATA[]]></system-out>
  <system-err><![CDATA[]]></system-err>
</testsuite>
