<?xml version="1.0" encoding="UTF-8"?>
<testsuite name="com.group3.AdminAndAuthorization.DAO.ViewCoursesDAOTest" tests="1" skipped="0" failures="0" errors="0" timestamp="2020-03-06T09:05:15" hostname="Parths-MacBook-Air.local" time="0.155">
  <properties/>
  <testcase name="testGetAllCourses()" classname="com.group3.AdminAndAuthorization.DAO.ViewCoursesDAOTest" time="0.155"/>
  <system-out><![CDATA[]]></system-out>
  <system-err><![CDATA[]]></system-err>
</testsuite>
