<?xml version="1.0" encoding="UTF-8"?>
<testsuite name="com.group3.CreateQuestion.ControllerTest.RetrieveQuestionControllerTest" tests="2" skipped="0" failures="0" errors="0" timestamp="2020-03-06T09:05:07" hostname="Parths-MacBook-Air.local" time="0.162">
  <properties/>
  <testcase name="deleteQuestionTest()" classname="com.group3.CreateQuestion.ControllerTest.RetrieveQuestionControllerTest" time="0.102"/>
  <testcase name="showQuestionSortedTest()" classname="com.group3.CreateQuestion.ControllerTest.RetrieveQuestionControllerTest" time="0.059"/>
  <system-out><![CDATA[2020-03-06 05:05:06.302  INFO 43250 --- [    Test worker] .b.t.c.SpringBootTestContextBootstrapper : Neither @ContextConfiguration nor @ContextHierarchy found for test class [com.group3.CreateQuestion.ControllerTest.RetrieveQuestionControllerTest], using SpringBootContextLoader
2020-03-06 05:05:06.304  INFO 43250 --- [    Test worker] o.s.t.c.support.AbstractContextLoader    : Could not detect default resource locations for test class [com.group3.CreateQuestion.ControllerTest.RetrieveQuestionControllerTest]: no resource found for suffixes {-context.xml, Context.groovy}.
2020-03-06 05:05:06.308  INFO 43250 --- [    Test worker] .b.t.c.SpringBootTestContextBootstrapper : Loaded default TestExecutionListener class names from location [META-INF/spring.factories]: [org.springframework.security.test.context.support.WithSecurityContextTestExecutionListener, org.springframework.security.test.context.support.ReactorContextTestExecutionListener, org.springframework.boot.test.autoconfigure.restdocs.RestDocsTestExecutionListener, org.springframework.boot.test.autoconfigure.web.client.MockRestServiceServerResetTestExecutionListener, org.springframework.boot.test.autoconfigure.web.servlet.MockMvcPrintOnlyOnFailureTestExecutionListener, org.springframework.boot.test.autoconfigure.web.servlet.WebDriverTestExecutionListener, org.springframework.boot.test.mock.mockito.MockitoTestExecutionListener, org.springframework.boot.test.mock.mockito.ResetMocksTestExecutionListener, org.springframework.test.context.web.ServletTestExecutionListener, org.springframework.test.context.support.DirtiesContextBeforeModesTestExecutionListener, org.springframework.test.context.support.DependencyInjectionTestExecutionListener, org.springframework.test.context.support.DirtiesContextTestExecutionListener, org.springframework.test.context.transaction.TransactionalTestExecutionListener, org.springframework.test.context.jdbc.SqlScriptsTestExecutionListener, org.springframework.test.context.event.EventPublishingTestExecutionListener]
2020-03-06 05:05:06.309  INFO 43250 --- [    Test worker] .b.t.c.SpringBootTestContextBootstrapper : Using TestExecutionListeners: [org.springframework.test.context.web.ServletTestExecutionListener@75f4d958, org.springframework.test.context.support.DirtiesContextBeforeModesTestExecutionListener@4d114d64, org.springframework.boot.test.mock.mockito.MockitoTestExecutionListener@33825e0f, org.springframework.boot.test.autoconfigure.SpringBootDependencyInjectionTestExecutionListener@63ae2af, org.springframework.test.context.support.DirtiesContextTestExecutionListener@55d7c529, org.springframework.test.context.transaction.TransactionalTestExecutionListener@126ac89a, org.springframework.test.context.jdbc.SqlScriptsTestExecutionListener@33399efe, org.springframework.security.test.context.support.WithSecurityContextTestExecutionListener@62c72dac, org.springframework.test.context.event.EventPublishingTestExecutionListener@9524250, org.springframework.security.test.context.support.ReactorContextTestExecutionListener@4d3865f8, org.springframework.boot.test.autoconfigure.restdocs.RestDocsTestExecutionListener@3209dccf, org.springframework.boot.test.autoconfigure.web.client.MockRestServiceServerResetTestExecutionListener@69783d6f, org.springframework.boot.test.autoconfigure.web.servlet.MockMvcPrintOnlyOnFailureTestExecutionListener@7223a2d2, org.springframework.boot.test.autoconfigure.web.servlet.WebDriverTestExecutionListener@7c3a0ecb, org.springframework.boot.test.mock.mockito.ResetMocksTestExecutionListener@a95a27]

  .   ____          _            __ _ _
 /\\ / ___'_ __ _ _(_)_ __  __ _ \ \ \ \
( ( )\___ | '_ | '_| | '_ \/ _` | \ \ \ \
 \\/  ___)| |_)| | | | | || (_| |  ) ) ) )
  '  |____| .__|_| |_|_| |_\__, | / / / /
 =========|_|==============|___/=/_/_/_/
 :: Spring Boot ::        (v2.2.4.RELEASE)

2020-03-06 05:05:06.351  INFO 43250 --- [    Test worker] c.g.C.C.RetrieveQuestionControllerTest   : Starting RetrieveQuestionControllerTest on TA143.WPA.Dal.Ca with PID 43250 (started by parthpanchal7 in /Users/parthpanchal7/Documents/realsedProject/freshRepo/group-three)
2020-03-06 05:05:06.351  INFO 43250 --- [    Test worker] c.g.C.C.RetrieveQuestionControllerTest   : No active profile set, falling back to default profiles: default
2020-03-06 05:05:06.828  INFO 43250 --- [    Test worker] o.s.b.w.embedded.tomcat.TomcatWebServer  : Tomcat initialized with port(s): 0 (http)
2020-03-06 05:05:06.829  INFO 43250 --- [    Test worker] o.apache.catalina.core.StandardService   : Starting service [Tomcat]
2020-03-06 05:05:06.832  INFO 43250 --- [    Test worker] org.apache.catalina.core.StandardEngine  : Starting Servlet engine: [Apache Tomcat/9.0.30]
2020-03-06 05:05:06.853  INFO 43250 --- [    Test worker] o.a.c.c.C.[Tomcat-10].[localhost].[/]    : Initializing Spring embedded WebApplicationContext
2020-03-06 05:05:06.853  INFO 43250 --- [    Test worker] o.s.web.context.ContextLoader            : Root WebApplicationContext: initialization completed in 497 ms
2020-03-06 05:05:06.970  INFO 43250 --- [    Test worker] c.g.C.Services.ObtainQuestionsService    : ObtainQuestions constructor called!
2020-03-06 05:05:06.976  INFO 43250 --- [    Test worker] c.g.C.Services.DeleteQuestionService     : DeleteQuestionService constructor called!
2020-03-06 05:05:06.976  INFO 43250 --- [    Test worker] c.g.C.Services.ObtainQuestionsService    : ObtainQuestions constructor called!
2020-03-06 05:05:06.978  INFO 43250 --- [    Test worker] c.g.C.Services.ObtainQuestionsService    : ObtainQuestions constructor called!
2020-03-06 05:05:07.380  INFO 43250 --- [    Test worker] o.s.s.web.DefaultSecurityFilterChain     : Creating filter chain: any request, [org.springframework.security.web.context.request.async.WebAsyncManagerIntegrationFilter@6ff8a3b0, org.springframework.security.web.context.SecurityContextPersistenceFilter@79d59d7f, org.springframework.security.web.header.HeaderWriterFilter@29567b1d, org.springframework.web.filter.CorsFilter@2776be45, org.springframework.security.web.authentication.logout.LogoutFilter@123d9a5, org.springframework.security.web.authentication.UsernamePasswordAuthenticationFilter@467ac535, org.springframework.security.web.savedrequest.RequestCacheAwareFilter@23ff68d6, org.springframework.security.web.servletapi.SecurityContextHolderAwareRequestFilter@396b6127, org.springframework.security.web.authentication.AnonymousAuthenticationFilter@615fee6f, org.springframework.security.web.session.SessionManagementFilter@1fce400c, org.springframework.security.web.access.ExceptionTranslationFilter@7ce4c299, org.springframework.security.web.access.intercept.FilterSecurityInterceptor@6074d36f]
2020-03-06 05:05:07.473  INFO 43250 --- [    Test worker] o.s.s.concurrent.ThreadPoolTaskExecutor  : Initializing ExecutorService 'applicationTaskExecutor'
2020-03-06 05:05:07.709  INFO 43250 --- [    Test worker] o.a.c.c.C.[Tomcat-10].[localhost].[/]    : Initializing Spring TestDispatcherServlet ''
2020-03-06 05:05:07.710  INFO 43250 --- [    Test worker] o.s.t.web.servlet.TestDispatcherServlet  : Initializing Servlet ''
2020-03-06 05:05:07.720  INFO 43250 --- [    Test worker] o.s.t.web.servlet.TestDispatcherServlet  : Completed initialization in 10 ms
2020-03-06 05:05:07.757  INFO 43250 --- [    Test worker] o.s.b.w.embedded.tomcat.TomcatWebServer  : Tomcat started on port(s): 59657 (http) with context path ''
2020-03-06 05:05:07.758  INFO 43250 --- [    Test worker] c.g.C.C.RetrieveQuestionControllerTest   : Started RetrieveQuestionControllerTest in 1.447 seconds (JVM running for 38.459)
2020-03-06 05:05:07.768  INFO 43250 --- [    Test worker] c.g.C.RetrieveQuestionController         : Showing available questions that can be deleted
2020-03-06 05:05:07.768  INFO 43250 --- [    Test worker] c.g.C.Services.ObtainQuestionsService    : Starting the process of retrieving instructor questions!
2020-03-06 05:05:07.816  INFO 43250 --- [    Test worker] c.g.C.DAO.RetrieveQuestionsDAO           : Fetching questions for instructor: anonymousUser
2020-03-06 05:05:07.820  INFO 43250 --- [    Test worker] c.g.C.DAO.RetrieveQuestionsDAO           : Questions fetched for the instructor with ID: anonymousUser
2020-03-06 05:05:07.820  INFO 43250 --- [    Test worker] c.g.C.Services.ObtainQuestionsService    : Retrieved instructor questions!
2020-03-06 05:05:07.820  INFO 43250 --- [    Test worker] c.g.C.RetrieveQuestionController         : Total Questions fetched: 0
2020-03-06 05:05:07.876  INFO 43250 --- [    Test worker] c.g.C.RetrieveQuestionController         : Request to available questions in sorted manner!
2020-03-06 05:05:07.876  INFO 43250 --- [    Test worker] c.g.C.RetrieveQuestionController         : Order requested: TITLE ASC
2020-03-06 05:05:07.876  INFO 43250 --- [    Test worker] c.g.C.Services.ObtainQuestionsService    : Starting the process of retrieving instructor questions!
2020-03-06 05:05:07.898  INFO 43250 --- [    Test worker] c.g.C.DAO.RetrieveQuestionsDAO           : Fetching questions for instructor: anonymousUser
2020-03-06 05:05:07.918 ERROR 43250 --- [    Test worker] c.g.C.DAO.RetrieveQuestionsDAO           : Exception at RetrieveQuestionsDAO while fetching instructor questions! java.sql.SQLSyntaxErrorException: You have an error in your SQL syntax; check the manual that corresponds to your MariaDB server version for the right syntax to use near 'TITLE ASC' at line 1
2020-03-06 05:05:07.918  INFO 43250 --- [    Test worker] c.g.C.Services.ObtainQuestionsService    : Retrieved instructor questions!
2020-03-06 05:05:07.918  INFO 43250 --- [    Test worker] c.g.C.RetrieveQuestionController         : Total Questions fetched: 0
]]></system-out>
  <system-err><![CDATA[]]></system-err>
</testsuite>
