<?xml version="1.0" encoding="UTF-8"?>
<testsuite name="com.group3.CreateQuestion.Services.ObtainQuestionsServicesTest" tests="1" skipped="0" failures="0" errors="0" timestamp="2020-03-06T09:05:07" hostname="Parths-MacBook-Air.local" time="0.001">
  <properties/>
  <testcase name="obtainInstructorQuestionsTest()" classname="com.group3.CreateQuestion.Services.ObtainQuestionsServicesTest" time="0.001"/>
  <system-out><![CDATA[2020-03-06 05:05:07.956  INFO 43250 --- [    Test worker] c.g.C.S.ObtainQuestionsServicesTest      : ObtainQuestionsServiceTest setup!
]]></system-out>
  <system-err><![CDATA[]]></system-err>
</testsuite>
