<?xml version="1.0" encoding="UTF-8"?>
<testsuite name="com.group3.CreateQuestion.Services.freeTextQuestionGenerationServiceTest" tests="1" skipped="0" failures="0" errors="0" timestamp="2020-03-06T09:05:07" hostname="Parths-MacBook-Air.local" time="0.003">
  <properties/>
  <testcase name="saveFreeTextQuestionGenerationServiceInfo()" classname="com.group3.CreateQuestion.Services.freeTextQuestionGenerationServiceTest" time="0.003"/>
  <system-out><![CDATA[2020-03-06 05:05:07.960  INFO 43250 --- [    Test worker] c.g.C.Services.QuestionServiceTest       : id generated from mock object71
]]></system-out>
  <system-err><![CDATA[]]></system-err>
</testsuite>
