<?xml version="1.0" encoding="UTF-8"?>
<testsuite name="com.group3.AdminAndAuthorization.DAO.AddCourseDAOTest" tests="2" skipped="0" failures="0" errors="0" timestamp="2020-03-06T09:05:14" hostname="Parths-MacBook-Air.local" time="0.355">
  <properties/>
  <testcase name="testAddCourseCreatedSuccessCase()" classname="com.group3.AdminAndAuthorization.DAO.AddCourseDAOTest" time="0.307"/>
  <testcase name="testIsCourseExist()" classname="com.group3.AdminAndAuthorization.DAO.AddCourseDAOTest" time="0.024"/>
  <system-out><![CDATA[]]></system-out>
  <system-err><![CDATA[]]></system-err>
</testsuite>
