<?xml version="1.0" encoding="UTF-8"?>
<testsuite name="com.group3.AdminAndAuthorization.Services.GrantAccessFieldsValidationTest" tests="4" skipped="0" failures="0" errors="0" timestamp="2020-03-06T09:05:16" hostname="Parths-MacBook-Air.local" time="0.002">
  <properties/>
  <testcase name="testValidateFieldsCaseSelectRoleAndCourse()" classname="com.group3.AdminAndAuthorization.Services.GrantAccessFieldsValidationTest" time="0.001"/>
  <testcase name="testValidateFields()" classname="com.group3.AdminAndAuthorization.Services.GrantAccessFieldsValidationTest" time="0.0"/>
  <testcase name="testValidateFieldsCaseSelectRole()" classname="com.group3.AdminAndAuthorization.Services.GrantAccessFieldsValidationTest" time="0.001"/>
  <testcase name="testValidateFieldsCaseInstructor()" classname="com.group3.AdminAndAuthorization.Services.GrantAccessFieldsValidationTest" time="0.0"/>
  <system-out><![CDATA[]]></system-out>
  <system-err><![CDATA[]]></system-err>
</testsuite>
