<?xml version="1.0" encoding="UTF-8"?>
<testsuite name="com.group3.CreateQuestion.DAO.RetrieveQuestionTypesDAOTest" tests="1" skipped="0" failures="0" errors="0" timestamp="2020-03-06T09:05:02" hostname="Parths-MacBook-Air.local" time="0.056">
  <properties/>
  <testcase name="getQuestionTypes()" classname="com.group3.CreateQuestion.DAO.RetrieveQuestionTypesDAOTest" time="0.056"/>
  <system-out><![CDATA[2020-03-06 05:05:03.024  INFO 43250 --- [    Test worker] c.g.C.DAO.RetrieveQuestionTypesDAO       : Multiple Choice, Choose One
2020-03-06 05:05:03.025  INFO 43250 --- [    Test worker] c.g.C.DAO.RetrieveQuestionTypesDAO       : Multiple Choice, Choose Multiple
2020-03-06 05:05:03.025  INFO 43250 --- [    Test worker] c.g.C.DAO.RetrieveQuestionTypesDAO       : Free Text
2020-03-06 05:05:03.025  INFO 43250 --- [    Test worker] c.g.C.DAO.RetrieveQuestionTypesDAO       : Numeric
]]></system-out>
  <system-err><![CDATA[]]></system-err>
</testsuite>
