<?xml version="1.0" encoding="UTF-8"?>
<testsuite name="com.group3.Course.CourseControllerTest" tests="2" skipped="0" failures="0" errors="0" timestamp="2020-03-06T09:04:55" hostname="Parths-MacBook-Air.local" time="0.147">
  <properties/>
  <testcase name="getCoursesByEmailId()" classname="com.group3.Course.CourseControllerTest" time="0.102"/>
  <testcase name="getSelectedCourse()" classname="com.group3.Course.CourseControllerTest" time="0.044"/>
  <system-out><![CDATA[2020-03-06 05:04:54.107  INFO 43250 --- [    Test worker] .b.t.c.SpringBootTestContextBootstrapper : Neither @ContextConfiguration nor @ContextHierarchy found for test class [com.group3.Course.CourseControllerTest], using SpringBootContextLoader
2020-03-06 05:04:54.109  INFO 43250 --- [    Test worker] o.s.t.c.support.AbstractContextLoader    : Could not detect default resource locations for test class [com.group3.Course.CourseControllerTest]: no resource found for suffixes {-context.xml, Context.groovy}.
2020-03-06 05:04:54.112  INFO 43250 --- [    Test worker] .b.t.c.SpringBootTestContextBootstrapper : Loaded default TestExecutionListener class names from location [META-INF/spring.factories]: [org.springframework.security.test.context.support.WithSecurityContextTestExecutionListener, org.springframework.security.test.context.support.ReactorContextTestExecutionListener, org.springframework.boot.test.autoconfigure.restdocs.RestDocsTestExecutionListener, org.springframework.boot.test.autoconfigure.web.client.MockRestServiceServerResetTestExecutionListener, org.springframework.boot.test.autoconfigure.web.servlet.MockMvcPrintOnlyOnFailureTestExecutionListener, org.springframework.boot.test.autoconfigure.web.servlet.WebDriverTestExecutionListener, org.springframework.boot.test.mock.mockito.MockitoTestExecutionListener, org.springframework.boot.test.mock.mockito.ResetMocksTestExecutionListener, org.springframework.test.context.web.ServletTestExecutionListener, org.springframework.test.context.support.DirtiesContextBeforeModesTestExecutionListener, org.springframework.test.context.support.DependencyInjectionTestExecutionListener, org.springframework.test.context.support.DirtiesContextTestExecutionListener, org.springframework.test.context.transaction.TransactionalTestExecutionListener, org.springframework.test.context.jdbc.SqlScriptsTestExecutionListener, org.springframework.test.context.event.EventPublishingTestExecutionListener]
2020-03-06 05:04:54.113  INFO 43250 --- [    Test worker] .b.t.c.SpringBootTestContextBootstrapper : Using TestExecutionListeners: [org.springframework.test.context.web.ServletTestExecutionListener@7dd28a13, org.springframework.test.context.support.DirtiesContextBeforeModesTestExecutionListener@39ecb91a, org.springframework.boot.test.mock.mockito.MockitoTestExecutionListener@54fed797, org.springframework.boot.test.autoconfigure.SpringBootDependencyInjectionTestExecutionListener@608ee02d, org.springframework.test.context.support.DirtiesContextTestExecutionListener@9e56c3d, org.springframework.test.context.transaction.TransactionalTestExecutionListener@551d2072, org.springframework.test.context.jdbc.SqlScriptsTestExecutionListener@77fd1729, org.springframework.security.test.context.support.WithSecurityContextTestExecutionListener@60e51e73, org.springframework.test.context.event.EventPublishingTestExecutionListener@424302d6, org.springframework.security.test.context.support.ReactorContextTestExecutionListener@7e61b45c, org.springframework.boot.test.autoconfigure.restdocs.RestDocsTestExecutionListener@61bab0e6, org.springframework.boot.test.autoconfigure.web.client.MockRestServiceServerResetTestExecutionListener@29642c24, org.springframework.boot.test.autoconfigure.web.servlet.MockMvcPrintOnlyOnFailureTestExecutionListener@73ebde6c, org.springframework.boot.test.autoconfigure.web.servlet.WebDriverTestExecutionListener@db4719, org.springframework.boot.test.mock.mockito.ResetMocksTestExecutionListener@3452ea64]

  .   ____          _            __ _ _
 /\\ / ___'_ __ _ _(_)_ __  __ _ \ \ \ \
( ( )\___ | '_ | '_| | '_ \/ _` | \ \ \ \
 \\/  ___)| |_)| | | | | || (_| |  ) ) ) )
  '  |____| .__|_| |_|_| |_\__, | / / / /
 =========|_|==============|___/=/_/_/_/
 :: Spring Boot ::        (v2.2.4.RELEASE)

2020-03-06 05:04:54.212  INFO 43250 --- [    Test worker] com.group3.Course.CourseControllerTest   : Starting CourseControllerTest on TA143.WPA.Dal.Ca with PID 43250 (started by parthpanchal7 in /Users/parthpanchal7/Documents/realsedProject/freshRepo/group-three)
2020-03-06 05:04:54.214  INFO 43250 --- [    Test worker] com.group3.Course.CourseControllerTest   : No active profile set, falling back to default profiles: default
2020-03-06 05:04:54.664  INFO 43250 --- [    Test worker] o.s.b.w.embedded.tomcat.TomcatWebServer  : Tomcat initialized with port(s): 0 (http)
2020-03-06 05:04:54.666  INFO 43250 --- [    Test worker] o.apache.catalina.core.StandardService   : Starting service [Tomcat]
2020-03-06 05:04:54.667  INFO 43250 --- [    Test worker] org.apache.catalina.core.StandardEngine  : Starting Servlet engine: [Apache Tomcat/9.0.30]
2020-03-06 05:04:54.685  INFO 43250 --- [    Test worker] o.a.c.c.C.[Tomcat-5].[localhost].[/]     : Initializing Spring embedded WebApplicationContext
2020-03-06 05:04:54.685  INFO 43250 --- [    Test worker] o.s.web.context.ContextLoader            : Root WebApplicationContext: initialization completed in 465 ms
2020-03-06 05:04:54.762  INFO 43250 --- [    Test worker] c.g.C.Services.DeleteQuestionService     : DeleteQuestionService constructor called!
2020-03-06 05:04:54.763  INFO 43250 --- [    Test worker] c.g.C.Services.ObtainQuestionsService    : ObtainQuestions constructor called!
2020-03-06 05:04:54.766  INFO 43250 --- [    Test worker] c.g.C.Services.ObtainQuestionsService    : ObtainQuestions constructor called!
2020-03-06 05:04:54.767  INFO 43250 --- [    Test worker] c.g.C.Services.ObtainQuestionsService    : ObtainQuestions constructor called!
2020-03-06 05:04:55.203  INFO 43250 --- [    Test worker] o.s.s.web.DefaultSecurityFilterChain     : Creating filter chain: any request, [org.springframework.security.web.context.request.async.WebAsyncManagerIntegrationFilter@1771ea10, org.springframework.security.web.context.SecurityContextPersistenceFilter@449a00d0, org.springframework.security.web.header.HeaderWriterFilter@7f90b4e0, org.springframework.web.filter.CorsFilter@17e4af7d, org.springframework.security.web.authentication.logout.LogoutFilter@1fc6dd75, org.springframework.security.web.authentication.UsernamePasswordAuthenticationFilter@3aac5e32, org.springframework.security.web.savedrequest.RequestCacheAwareFilter@89986e, org.springframework.security.web.servletapi.SecurityContextHolderAwareRequestFilter@7ac41b2b, org.springframework.security.web.authentication.AnonymousAuthenticationFilter@68969ae3, org.springframework.security.web.session.SessionManagementFilter@6c83af10, org.springframework.security.web.access.ExceptionTranslationFilter@20ec877a, org.springframework.security.web.access.intercept.FilterSecurityInterceptor@dffa58]
2020-03-06 05:04:55.268  INFO 43250 --- [    Test worker] o.s.s.concurrent.ThreadPoolTaskExecutor  : Initializing ExecutorService 'applicationTaskExecutor'
2020-03-06 05:04:55.435  INFO 43250 --- [    Test worker] o.a.c.c.C.[Tomcat-5].[localhost].[/]     : Initializing Spring TestDispatcherServlet ''
2020-03-06 05:04:55.435  INFO 43250 --- [    Test worker] o.s.t.web.servlet.TestDispatcherServlet  : Initializing Servlet ''
2020-03-06 05:04:55.465  INFO 43250 --- [    Test worker] o.s.t.web.servlet.TestDispatcherServlet  : Completed initialization in 30 ms
2020-03-06 05:04:55.518  INFO 43250 --- [    Test worker] o.s.b.w.embedded.tomcat.TomcatWebServer  : Tomcat started on port(s): 59568 (http) with context path ''
2020-03-06 05:04:55.519  INFO 43250 --- [    Test worker] com.group3.Course.CourseControllerTest   : Started CourseControllerTest in 1.403 seconds (JVM running for 26.22)
2020-03-06 05:04:55.529  INFO 43250 --- [    Test worker] com.group3.Course.CourseController       : COURSE
Role formatted: Instructor
2020-03-06 05:04:55.555  INFO 43250 --- [    Test worker] com.group3.Course.DAO.CourseDAO          : SELECT C.COURSE_ID, C.COURSE_NAME FROM COURSES C JOIN ALLOCATE_INSTRUCTOR A ON A.COURSE_ID=C.COURSE_ID WHERE A.MAIL_ID="user"
2020-03-06 05:04:55.560  INFO 43250 --- [    Test worker] com.group3.Course.DAO.CourseDAO          : true

MockHttpServletRequest:
      HTTP Method = GET
      Request URI = /courseAdmin
       Parameters = {}
          Headers = []
             Body = null
    Session Attrs = {SPRING_SECURITY_CONTEXT=org.springframework.security.core.context.SecurityContextImpl@b932ba92: Authentication: org.springframework.security.authentication.UsernamePasswordAuthenticationToken@b932ba92: Principal: org.springframework.security.core.userdetails.User@36ebcb: Username: user; Password: [PROTECTED]; Enabled: true; AccountNonExpired: true; credentialsNonExpired: true; AccountNonLocked: true; Granted Authorities: ROLE_INSTRUCTOR; Credentials: [PROTECTED]; Authenticated: true; Details: null; Granted Authorities: ROLE_INSTRUCTOR}

Handler:
             Type = com.group3.Course.CourseController
           Method = com.group3.Course.CourseController#getCoursesByEmailId()

Async:
    Async started = false
     Async result = null

Resolved Exception:
             Type = null

ModelAndView:
        View name = showCourses.html
             View = null
        Attribute = courseInfo
            value = []
        Attribute = questionManager
            value = visible

FlashMap:
       Attributes = null

MockHttpServletResponse:
           Status = 200
    Error message = null
          Headers = [Vary:"Origin", "Access-Control-Request-Method", "Access-Control-Request-Headers", Content-Language:"en", Content-Type:"text/html;charset=UTF-8", X-Content-Type-Options:"nosniff", X-XSS-Protection:"1; mode=block", Cache-Control:"no-cache, no-store, max-age=0, must-revalidate", Pragma:"no-cache", Expires:"0", X-Frame-Options:"DENY"]
     Content type = text/html;charset=UTF-8
             Body = <!DOCTYPE html>
<html>
<head>
<meta charset="ISO-8859-1">
<meta name="viewport" content="width=device-width, initial-scale=1">
  <link rel="stylesheet" href="https://maxcdn.bootstrapcdn.com/bootstrap/4.4.1/css/bootstrap.min.css">
  <script src="https://ajax.googleapis.com/ajax/libs/jquery/3.4.1/jquery.min.js"></script>
  <script src="https://cdnjs.cloudflare.com/ajax/libs/popper.js/1.16.0/umd/popper.min.js"></script>
  <script src="https://maxcdn.bootstrapcdn.com/bootstrap/4.4.1/js/bootstrap.min.js"></script>
<title>Insert title here</title>
<style>
button.questionLink {
  visibility: "@${questionManager}";
}
</style>
</head>
<body>
<div class="jumbotron text-center">
  <h1>Welcome to the portal</h1>
  <p>List of Courses</p> 
  <button style="visibility:visible" class="btn btn-primary active" onclick="window.location.href='QuestionManager'">Question Manager</button>
</div>
<center>
	<table class="table" border="1">
	<thead class="thead-dark">
	<tr>
	<th>Course Code</th>
	<th>Course Name</th>
	<th>Action</th>
	</tr>
	<!--  
	    <tr th:each="rows: ${courseList}">
	        <td th:each="item: ${rows}">
	            <span th:text="${item}"></span>
	        </td>
	        <td border="0">
		        <form th:action="@{/selectCourse}" method="GET">
		        
	    	<input type="hidden" name="courseId" id="courseId" th:value="${rows[0]}" />
	    	<input type="hidden" name="courseName" id="courseName" th:value="${rows[1]}" />
		    <button type="submit">Select</button>
	
		        </form>
	        </td>
	    <tr>
	  -->
	   	<tr>
	    
	</table>
</center>
</body>
</html>
    Forwarded URL = null
   Redirected URL = null
          Cookies = []
2020-03-06 05:04:55.654  INFO 43250 --- [    Test worker] com.group3.Course.CourseController       : SELECT COURSE: CSCI6406

MockHttpServletRequest:
      HTTP Method = GET
      Request URI = /selectCourse
       Parameters = {courseId=[CSCI6406], courseName=[Visualisation]}
          Headers = []
             Body = null
    Session Attrs = {SPRING_SECURITY_CONTEXT=org.springframework.security.core.context.SecurityContextImpl@b932ba92: Authentication: org.springframework.security.authentication.UsernamePasswordAuthenticationToken@b932ba92: Principal: org.springframework.security.core.userdetails.User@36ebcb: Username: user; Password: [PROTECTED]; Enabled: true; AccountNonExpired: true; credentialsNonExpired: true; AccountNonLocked: true; Granted Authorities: ROLE_INSTRUCTOR; Credentials: [PROTECTED]; Authenticated: true; Details: null; Granted Authorities: ROLE_INSTRUCTOR}

Handler:
             Type = com.group3.Course.CourseController
           Method = com.group3.Course.CourseController#getSelectedCourse(String, String)

Async:
    Async started = false
     Async result = null

Resolved Exception:
             Type = null

ModelAndView:
        View name = courseAction.html
             View = null
        Attribute = courseInfo
            value = com.group3.BusinessModels.Course@65e2ef18
           errors = []

FlashMap:
       Attributes = null

MockHttpServletResponse:
           Status = 200
    Error message = null
          Headers = [Vary:"Origin", "Access-Control-Request-Method", "Access-Control-Request-Headers", Content-Language:"en", Content-Type:"text/html;charset=UTF-8", X-Content-Type-Options:"nosniff", X-XSS-Protection:"1; mode=block", Cache-Control:"no-cache, no-store, max-age=0, must-revalidate", Pragma:"no-cache", Expires:"0", X-Frame-Options:"DENY"]
     Content type = text/html;charset=UTF-8
             Body = <!DOCTYPE html>
<html>
<head>
<meta charset="ISO-8859-1">
<meta name="viewport" content="width=device-width, initial-scale=1">
  <link rel="stylesheet" href="https://maxcdn.bootstrapcdn.com/bootstrap/4.4.1/css/bootstrap.min.css">
  <script src="https://ajax.googleapis.com/ajax/libs/jquery/3.4.1/jquery.min.js"></script>
  <script src="https://cdnjs.cloudflare.com/ajax/libs/popper.js/1.16.0/umd/popper.min.js"></script>
  <script src="https://maxcdn.bootstrapcdn.com/bootstrap/4.4.1/js/bootstrap.min.js"></script>
<title>Insert title here</title>
</head>
<body>
<div class="jumbotron text-center">
  <h1>Welcome to the portal</h1>
  <!-- 
  <h3 th:text="${courseId}"></h3>
  <h4 th:text="${courseName}"></h4>
   -->
  <h3>CSCI6406</h3>
  <h4>Visualisation</h4>
  <p>Please select an action!</p> 
  <button class="btn btn-primary active" onclick="window.location.href='courseAdmin'">Home</button>
</div>
<center>
	<button class="btn btn-primary active" onclick="window.location.href='importCSV'">Enroll Students</button>
	<button class="btn btn-primary active" onclick="window.location.href='showAllStudents'">Enroll TAs</button>
</center>
</body>
</html>
    Forwarded URL = null
   Redirected URL = null
          Cookies = []
]]></system-out>
  <system-err><![CDATA[]]></system-err>
</testsuite>
