<?xml version="1.0" encoding="UTF-8"?>
<testsuite name="com.group3.Course.Services.TAManagerTest" tests="2" skipped="0" failures="0" errors="0" timestamp="2020-03-06T09:04:55" hostname="Parths-MacBook-Air.local" time="0.019">
  <properties/>
  <testcase name="getStudentByMailIdTest()" classname="com.group3.Course.Services.TAManagerTest" time="0.014"/>
  <testcase name="getAllStudentsTest()" classname="com.group3.Course.Services.TAManagerTest" time="0.001"/>
  <system-out><![CDATA[]]></system-out>
  <system-err><![CDATA[]]></system-err>
</testsuite>
