<?xml version="1.0" encoding="UTF-8"?>
<testsuite name="com.group3.Course.DAO.InstructorDAOTest" tests="1" skipped="0" failures="0" errors="0" timestamp="2020-03-06T09:04:52" hostname="Parths-MacBook-Air.local" time="0.132">
  <properties/>
  <testcase name="getCoursesByInstructorMailId()" classname="com.group3.Course.DAO.InstructorDAOTest" time="0.132"/>
  <system-out><![CDATA[Test Course ID Inserted!
Test Course ID Inserted!
2020-03-06 05:04:52.306  INFO 43250 --- [    Test worker] com.group3.Course.DAO.CourseDAO          : SELECT C.COURSE_ID, C.COURSE_NAME FROM COURSES C JOIN ALLOCATE_INSTRUCTOR A ON A.COURSE_ID=C.COURSE_ID WHERE A.MAIL_ID="testinstructor@dal.ca"
2020-03-06 05:04:52.309  INFO 43250 --- [    Test worker] com.group3.Course.DAO.CourseDAO          : TestCSCI03: TEST
2020-03-06 05:04:52.310  INFO 43250 --- [    Test worker] com.group3.Course.DAO.CourseDAO          : false
Test Course deleted!
Test Instructor deleted!
]]></system-out>
  <system-err><![CDATA[]]></system-err>
</testsuite>
