<?xml version="1.0" encoding="UTF-8"?>
<testsuite name="com.group3.AdminAndAuthorization.Services.GrantInstructorAccessServiceTest" tests="1" skipped="0" failures="0" errors="0" timestamp="2020-03-06T09:05:16" hostname="Parths-MacBook-Air.local" time="0.0">
  <properties/>
  <testcase name="testReturnUserList()" classname="com.group3.AdminAndAuthorization.Services.GrantInstructorAccessServiceTest" time="0.0"/>
  <system-out><![CDATA[]]></system-out>
  <system-err><![CDATA[]]></system-err>
</testsuite>
