<?xml version="1.0" encoding="UTF-8"?>
<testsuite name="com.group3.ForgotPassword.Services.VerificationCodeTest" tests="1" skipped="0" failures="0" errors="0" timestamp="2020-03-06T09:05:00" hostname="Parths-MacBook-Air.local" time="0.001">
  <properties/>
  <testcase name="generateNewCodeTest()" classname="com.group3.ForgotPassword.Services.VerificationCodeTest" time="0.001"/>
  <system-out><![CDATA[]]></system-out>
  <system-err><![CDATA[]]></system-err>
</testsuite>
