<?xml version="1.0" encoding="UTF-8"?>
<testsuite name="com.group3.Course.DAO.CourseDAOTest" tests="3" skipped="0" failures="0" errors="0" timestamp="2020-03-06T09:04:52" hostname="Parths-MacBook-Air.local" time="0.261">
  <properties/>
  <testcase name="getEnrolledStudentsByCourseId()" classname="com.group3.Course.DAO.CourseDAOTest" time="0.116"/>
  <testcase name="getCoursesForGuest()" classname="com.group3.Course.DAO.CourseDAOTest" time="0.026"/>
  <testcase name="enrollStudentToCourse()" classname="com.group3.Course.DAO.CourseDAOTest" time="0.116"/>
  <system-out><![CDATA[1
1
1
2020-03-06 05:04:52.424  INFO 43250 --- [    Test worker] com.group3.Course.DAO.CourseDAO          : ENROLL STUDENTS QUERY EXECUTED
2020-03-06 05:04:52.448  INFO 43250 --- [    Test worker] com.group3.Course.DAO.CourseDAO          : CSCI00
2020-03-06 05:04:52.449  INFO 43250 --- [    Test worker] com.group3.Course.DAO.CourseDAO          : GET ENROLLED STUDENTS QUERY EXECUTED
1
1
1
2020-03-06 05:04:52.528  INFO 43250 --- [    Test worker] com.group3.Course.DAO.CourseDAO          : SELECT C.COURSE_ID, C.COURSE_NAME FROM COURSES C
2020-03-06 05:04:52.532  INFO 43250 --- [    Test worker] com.group3.Course.DAO.CourseDAO          : csci6406: Visualization
2020-03-06 05:04:52.533  INFO 43250 --- [    Test worker] com.group3.Course.DAO.CourseDAO          : CSCI6748: Virtual Reality
2020-03-06 05:04:52.533  INFO 43250 --- [    Test worker] com.group3.Course.DAO.CourseDAO          : CSCT3100: NLP Advanced
2020-03-06 05:04:52.533  INFO 43250 --- [    Test worker] com.group3.Course.DAO.CourseDAO          : CSCT5111: Data Technology
1
1
1
2020-03-06 05:04:52.577  INFO 43250 --- [    Test worker] com.group3.Course.DAO.CourseDAO          : ENROLL STUDENTS QUERY EXECUTED
2020-03-06 05:04:52.604  INFO 43250 --- [    Test worker] com.group3.Course.DAO.CourseDAO          : CSCI01
2020-03-06 05:04:52.605  INFO 43250 --- [    Test worker] com.group3.Course.DAO.CourseDAO          : GET ENROLLED STUDENTS QUERY EXECUTED
1
1
1
]]></system-out>
  <system-err><![CDATA[]]></system-err>
</testsuite>
