<?xml version="1.0" encoding="UTF-8"?>
<testsuite name="com.group3.SignUp.UserDetailsControllerTest" tests="1" skipped="0" failures="0" errors="0" timestamp="2020-03-06T09:05:02" hostname="Parths-MacBook-Air.local" time="0.081">
  <properties/>
  <testcase name="test()" classname="com.group3.SignUp.UserDetailsControllerTest" time="0.081"/>
  <system-out><![CDATA[2020-03-06 05:05:01.286  INFO 43250 --- [    Test worker] .b.t.c.SpringBootTestContextBootstrapper : Neither @ContextConfiguration nor @ContextHierarchy found for test class [com.group3.SignUp.UserDetailsControllerTest], using SpringBootContextLoader
2020-03-06 05:05:01.287  INFO 43250 --- [    Test worker] o.s.t.c.support.AbstractContextLoader    : Could not detect default resource locations for test class [com.group3.SignUp.UserDetailsControllerTest]: no resource found for suffixes {-context.xml, Context.groovy}.
2020-03-06 05:05:01.293  INFO 43250 --- [    Test worker] .b.t.c.SpringBootTestContextBootstrapper : Loaded default TestExecutionListener class names from location [META-INF/spring.factories]: [org.springframework.security.test.context.support.WithSecurityContextTestExecutionListener, org.springframework.security.test.context.support.ReactorContextTestExecutionListener, org.springframework.boot.test.autoconfigure.restdocs.RestDocsTestExecutionListener, org.springframework.boot.test.autoconfigure.web.client.MockRestServiceServerResetTestExecutionListener, org.springframework.boot.test.autoconfigure.web.servlet.MockMvcPrintOnlyOnFailureTestExecutionListener, org.springframework.boot.test.autoconfigure.web.servlet.WebDriverTestExecutionListener, org.springframework.boot.test.mock.mockito.MockitoTestExecutionListener, org.springframework.boot.test.mock.mockito.ResetMocksTestExecutionListener, org.springframework.test.context.web.ServletTestExecutionListener, org.springframework.test.context.support.DirtiesContextBeforeModesTestExecutionListener, org.springframework.test.context.support.DependencyInjectionTestExecutionListener, org.springframework.test.context.support.DirtiesContextTestExecutionListener, org.springframework.test.context.transaction.TransactionalTestExecutionListener, org.springframework.test.context.jdbc.SqlScriptsTestExecutionListener, org.springframework.test.context.event.EventPublishingTestExecutionListener]
2020-03-06 05:05:01.294  INFO 43250 --- [    Test worker] .b.t.c.SpringBootTestContextBootstrapper : Using TestExecutionListeners: [org.springframework.test.context.web.ServletTestExecutionListener@46ebd654, org.springframework.test.context.support.DirtiesContextBeforeModesTestExecutionListener@5d04001, org.springframework.boot.test.mock.mockito.MockitoTestExecutionListener@56cb7db2, org.springframework.boot.test.autoconfigure.SpringBootDependencyInjectionTestExecutionListener@7c156ee4, org.springframework.test.context.support.DirtiesContextTestExecutionListener@64d45e44, org.springframework.test.context.transaction.TransactionalTestExecutionListener@6383ca97, org.springframework.test.context.jdbc.SqlScriptsTestExecutionListener@6e281db8, org.springframework.security.test.context.support.WithSecurityContextTestExecutionListener@391d3cd7, org.springframework.test.context.event.EventPublishingTestExecutionListener@7ffd63ce, org.springframework.security.test.context.support.ReactorContextTestExecutionListener@2d7d9d4, org.springframework.boot.test.autoconfigure.restdocs.RestDocsTestExecutionListener@2c3cc1eb, org.springframework.boot.test.autoconfigure.web.client.MockRestServiceServerResetTestExecutionListener@7c17bb3f, org.springframework.boot.test.autoconfigure.web.servlet.MockMvcPrintOnlyOnFailureTestExecutionListener@68e05460, org.springframework.boot.test.autoconfigure.web.servlet.WebDriverTestExecutionListener@544529d1, org.springframework.boot.test.mock.mockito.ResetMocksTestExecutionListener@1ebc892b]

  .   ____          _            __ _ _
 /\\ / ___'_ __ _ _(_)_ __  __ _ \ \ \ \
( ( )\___ | '_ | '_| | '_ \/ _` | \ \ \ \
 \\/  ___)| |_)| | | | | || (_| |  ) ) ) )
  '  |____| .__|_| |_|_| |_\__, | / / / /
 =========|_|==============|___/=/_/_/_/
 :: Spring Boot ::        (v2.2.4.RELEASE)

2020-03-06 05:05:01.317  INFO 43250 --- [    Test worker] c.g.SignUp.UserDetailsControllerTest     : Starting UserDetailsControllerTest on TA143.WPA.Dal.Ca with PID 43250 (started by parthpanchal7 in /Users/parthpanchal7/Documents/realsedProject/freshRepo/group-three)
2020-03-06 05:05:01.317  INFO 43250 --- [    Test worker] c.g.SignUp.UserDetailsControllerTest     : No active profile set, falling back to default profiles: default
2020-03-06 05:05:01.747  INFO 43250 --- [    Test worker] o.s.b.w.embedded.tomcat.TomcatWebServer  : Tomcat initialized with port(s): 0 (http)
2020-03-06 05:05:01.749  INFO 43250 --- [    Test worker] o.apache.catalina.core.StandardService   : Starting service [Tomcat]
2020-03-06 05:05:01.751  INFO 43250 --- [    Test worker] org.apache.catalina.core.StandardEngine  : Starting Servlet engine: [Apache Tomcat/9.0.30]
2020-03-06 05:05:01.773  INFO 43250 --- [    Test worker] o.a.c.c.C.[Tomcat-7].[localhost].[/]     : Initializing Spring embedded WebApplicationContext
2020-03-06 05:05:01.773  INFO 43250 --- [    Test worker] o.s.web.context.ContextLoader            : Root WebApplicationContext: initialization completed in 454 ms
2020-03-06 05:05:01.866  INFO 43250 --- [    Test worker] c.g.C.Services.DeleteQuestionService     : DeleteQuestionService constructor called!
2020-03-06 05:05:01.866  INFO 43250 --- [    Test worker] c.g.C.Services.ObtainQuestionsService    : ObtainQuestions constructor called!
2020-03-06 05:05:01.868  INFO 43250 --- [    Test worker] c.g.C.Services.ObtainQuestionsService    : ObtainQuestions constructor called!
2020-03-06 05:05:01.870  INFO 43250 --- [    Test worker] c.g.C.Services.ObtainQuestionsService    : ObtainQuestions constructor called!
2020-03-06 05:05:02.264  INFO 43250 --- [    Test worker] o.s.s.web.DefaultSecurityFilterChain     : Creating filter chain: any request, [org.springframework.security.web.context.request.async.WebAsyncManagerIntegrationFilter@2d312089, org.springframework.security.web.context.SecurityContextPersistenceFilter@6dbb6862, org.springframework.security.web.header.HeaderWriterFilter@9f5713a, org.springframework.web.filter.CorsFilter@23464fdd, org.springframework.security.web.authentication.logout.LogoutFilter@75bc0c17, org.springframework.security.web.authentication.UsernamePasswordAuthenticationFilter@2fe2aa9, org.springframework.security.web.savedrequest.RequestCacheAwareFilter@3cddf4f7, org.springframework.security.web.servletapi.SecurityContextHolderAwareRequestFilter@1e032ef7, org.springframework.security.web.authentication.AnonymousAuthenticationFilter@50e55c68, org.springframework.security.web.session.SessionManagementFilter@4dc21dd1, org.springframework.security.web.access.ExceptionTranslationFilter@4d038684, org.springframework.security.web.access.intercept.FilterSecurityInterceptor@37e8870a]
2020-03-06 05:05:02.317  INFO 43250 --- [    Test worker] o.s.s.concurrent.ThreadPoolTaskExecutor  : Initializing ExecutorService 'applicationTaskExecutor'
2020-03-06 05:05:02.421  INFO 43250 --- [    Test worker] o.a.c.c.C.[Tomcat-7].[localhost].[/]     : Initializing Spring TestDispatcherServlet ''
2020-03-06 05:05:02.421  INFO 43250 --- [    Test worker] o.s.t.web.servlet.TestDispatcherServlet  : Initializing Servlet ''
2020-03-06 05:05:02.427  INFO 43250 --- [    Test worker] o.s.t.web.servlet.TestDispatcherServlet  : Completed initialization in 6 ms
2020-03-06 05:05:02.464  INFO 43250 --- [    Test worker] o.s.b.w.embedded.tomcat.TomcatWebServer  : Tomcat started on port(s): 59615 (http) with context path ''
2020-03-06 05:05:02.489  INFO 43250 --- [    Test worker] c.g.SignUp.UserDetailsControllerTest     : Started UserDetailsControllerTest in 1.169 seconds (JVM running for 33.167)
2020-03-06 05:05:02.538  INFO 43250 --- [    Test worker] com.group3.SignUp.DAO.UserDAO            : SELECT QUERY EXECUTED
2020-03-06 05:05:02.539 ERROR 43250 --- [    Test worker] com.group3.SignUp.DAO.UserDAO            : More than one users

MockHttpServletRequest:
      HTTP Method = POST
      Request URI = /formSubmit
       Parameters = {lastName=[MyLastName], firstName=[MyFirstName], email=[TestControl@outlook.com], psw=[MyPassword@1234], psw-repeat=[MyPassword@1234]}
          Headers = []
             Body = null
    Session Attrs = {}

Handler:
             Type = com.group3.SignUp.UserDetailsController
           Method = com.group3.SignUp.UserDetailsController#getSignUpDetails(String, String, String, String, String)

Async:
    Async started = false
     Async result = null

Resolved Exception:
             Type = null

ModelAndView:
        View name = login
             View = null
        Attribute = UserExists
            value = User already exists

FlashMap:
       Attributes = null

MockHttpServletResponse:
           Status = 200
    Error message = null
          Headers = [Vary:"Origin", "Access-Control-Request-Method", "Access-Control-Request-Headers", Content-Language:"en", Content-Type:"text/html;charset=UTF-8", X-Content-Type-Options:"nosniff", X-XSS-Protection:"1; mode=block", Cache-Control:"no-cache, no-store, max-age=0, must-revalidate", Pragma:"no-cache", Expires:"0", X-Frame-Options:"DENY"]
     Content type = text/html;charset=UTF-8
             Body = <!DOCTYPE html>
<html lang="en"
xmlns="http://www.w3.org/1999/xhtml" xmlns:sec="https://www.thymeleaf.org/thymeleaf-extras-springsecurity3">
<head>
<meta charset="utf-8">
<meta http-equiv="X-UA-Compatible" content="IE=edge">
<meta name="viewport" content="width=device-width, initial-scale=1">
<title>Login</title>
<link rel="stylesheet" href="https://maxcdn.bootstrapcdn.com/bootstrap/3.3.7/css/bootstrap.min.css">
<script src="https://ajax.googleapis.com/ajax/libs/jquery/1.12.4/jquery.min.js"></script>
<script src="https://maxcdn.bootstrapcdn.com/bootstrap/3.3.7/js/bootstrap.min.js"></script> 
<style type="text/css">
	.login-form {
		width: 340px;
    	margin: 50px auto;
	}
    .login-form form {
    	margin-bottom: 15px;
        background: #f7f7f7;
        box-shadow: 0px 2px 2px rgba(0, 0, 0, 0.3);
        padding: 30px;
    }
    .login-form h2 {
        margin: 0 0 15px;
    }
    .form-control, .btn {
        min-height: 38px;
        border-radius: 2px;
    }
    .btn {        
        font-size: 15px;
        font-weight: bold;
    }
</style>
</head>
<body>



<div class="login-form">

	
	
    

<h4 style="color: green"></h4>
<h4 style="color: green">User already exists</h4>
    <form action="/login" method="post">
        <h2 class="text-center">Log in</h2>       
        <div class="form-group">
            <input type="email" class="form-control" name="email" placeholder="Email" required="required">
        </div>
        <div class="form-group">
            <input type="password" class="form-control" name="password" placeholder="Password" required="required">
        </div>
        <div class="form-group">
            <button type="submit" class="btn btn-primary btn-block">Log in</button>
        </div>
              
    </form>
    Go to <a href="signUp">Sign Up</a>
    <br></br>
    <a href="enterEmail">Forgot Password</a>
</div>
</body>
</html>                                		                            
    Forwarded URL = null
   Redirected URL = null
          Cookies = []
]]></system-out>
  <system-err><![CDATA[]]></system-err>
</testsuite>
