<?xml version="1.0" encoding="UTF-8"?>
<testsuite name="com.group3.CreateQuestion.Services.ObtainAllQuestionTypesServiceTest" tests="1" skipped="0" failures="0" errors="0" timestamp="2020-03-06T09:05:07" hostname="Parths-MacBook-Air.local" time="0.002">
  <properties/>
  <testcase name="getAllQuestionTypes()" classname="com.group3.CreateQuestion.Services.ObtainAllQuestionTypesServiceTest" time="0.002"/>
  <system-out><![CDATA[2020-03-06 05:05:07.948  INFO 43250 --- [    Test worker] c.g.C.DAO.RetrieveQuestionTypesDAOMock   : inside RetrieveQuestionTypesDAO Mock function 
2020-03-06 05:05:07.948  INFO 43250 --- [    Test worker] .g.C.S.ObtainAllQuestionTypesServiceTest : 4
2020-03-06 05:05:07.948  INFO 43250 --- [    Test worker] c.g.C.DAO.RetrieveQuestionTypesDAOMock   : inside RetrieveQuestionTypesDAO Mock function 
]]></system-out>
  <system-err><![CDATA[]]></system-err>
</testsuite>
