<?xml version="1.0" encoding="UTF-8"?>
<testsuite name="com.group3.ForgotPassword.Services.ResetCodeManagerTest" tests="3" skipped="0" failures="0" errors="0" timestamp="2020-03-06T09:05:00" hostname="Parths-MacBook-Air.local" time="0.007">
  <properties/>
  <testcase name="checkEmailIdExistance()" classname="com.group3.ForgotPassword.Services.ResetCodeManagerTest" time="0.001"/>
  <testcase name="sendCodeEmail()" classname="com.group3.ForgotPassword.Services.ResetCodeManagerTest" time="0.005"/>
  <testcase name="generateCode()" classname="com.group3.ForgotPassword.Services.ResetCodeManagerTest" time="0.001"/>
  <system-out><![CDATA[]]></system-out>
  <system-err><![CDATA[]]></system-err>
</testsuite>
