<?xml version="1.0" encoding="UTF-8"?>
<testsuite name="com.group3.ForgotPassword.Services.UpdatePasswordManagerTest" tests="2" skipped="0" failures="0" errors="0" timestamp="2020-03-06T09:05:00" hostname="Parths-MacBook-Air.local" time="0.003">
  <properties/>
  <testcase name="compareCode()" classname="com.group3.ForgotPassword.Services.UpdatePasswordManagerTest" time="0.001"/>
  <testcase name="updatePassword()" classname="com.group3.ForgotPassword.Services.UpdatePasswordManagerTest" time="0.001"/>
  <system-out><![CDATA[]]></system-out>
  <system-err><![CDATA[]]></system-err>
</testsuite>
