<?xml version="1.0" encoding="UTF-8"?>
<testsuite name="com.group3.CreateQuestion.DAO.SaveBasicQuestionInformationDAOTest" tests="1" skipped="0" failures="0" errors="0" timestamp="2020-03-06T09:05:03" hostname="Parths-MacBook-Air.local" time="0.13">
  <properties/>
  <testcase name="saveDetails()" classname="com.group3.CreateQuestion.DAO.SaveBasicQuestionInformationDAOTest" time="0.13"/>
  <system-out><![CDATA[2020-03-06 05:05:03.134  INFO 43250 --- [    Test worker] c.g.C.D.SaveBasicQuestionInformationDAO  : returned value database : 497
]]></system-out>
  <system-err><![CDATA[]]></system-err>
</testsuite>
