<?xml version="1.0" encoding="UTF-8"?>
<testsuite name="com.group3.CreateQuestion.Services.MakeQuestionGenerationAbstractFactoryTest" tests="1" skipped="0" failures="0" errors="0" timestamp="2020-03-06T09:05:07" hostname="Parths-MacBook-Air.local" time="0.002">
  <properties/>
  <testcase name="makeQuestion()" classname="com.group3.CreateQuestion.Services.MakeQuestionGenerationAbstractFactoryTest" time="0.002"/>
  <system-out><![CDATA[]]></system-out>
  <system-err><![CDATA[]]></system-err>
</testsuite>
