<?xml version="1.0" encoding="UTF-8"?>
<testsuite name="com.group3.ForgotPassword.DAO.UserPasswordDAOTest" tests="2" skipped="0" failures="0" errors="0" timestamp="2020-03-06T09:04:55" hostname="Parths-MacBook-Air.local" time="0.253">
  <properties/>
  <testcase name="updateNewPassword()" classname="com.group3.ForgotPassword.DAO.UserPasswordDAOTest" time="0.142"/>
  <testcase name="isUserExist()" classname="com.group3.ForgotPassword.DAO.UserPasswordDAOTest" time="0.11"/>
  <system-out><![CDATA[1 records updated!
]]></system-out>
  <system-err><![CDATA[]]></system-err>
</testsuite>
