<?xml version="1.0" encoding="UTF-8"?>
<testsuite name="com.group3.Login.Services.UsersAuthorizationTest" tests="6" skipped="0" failures="0" errors="0" timestamp="2020-03-06T09:04:39" hostname="Parths-MacBook-Air.local" time="1.523">
  <properties/>
  <testcase name="importCSVNotAccessibletoOtherUsers" classname="com.group3.Login.Services.UsersAuthorizationTest" time="1.135"/>
  <testcase name="searchStudentNotAccessibletoOtherUsers" classname="com.group3.Login.Services.UsersAuthorizationTest" time="0.129"/>
  <testcase name="uploadCSVFileNotAccessibletoOtherUsers" classname="com.group3.Login.Services.UsersAuthorizationTest" time="0.068"/>
  <testcase name="showAllStudentsNotAccessibletoOtherUsers" classname="com.group3.Login.Services.UsersAuthorizationTest" time="0.04"/>
  <testcase name="addTaNotAccessibletoOtherUsers" classname="com.group3.Login.Services.UsersAuthorizationTest" time="0.048"/>
  <testcase name="selectCourseNotAccessibletoGuest" classname="com.group3.Login.Services.UsersAuthorizationTest" time="0.082"/>
  <system-out><![CDATA[05:04:32.709 [Test worker] DEBUG org.springframework.test.annotation.ProfileValueUtils - Retrieved @ProfileValueSourceConfiguration [null] for test class [com.group3.Login.Services.UsersAuthorizationTest]
05:04:32.710 [Test worker] DEBUG org.springframework.test.annotation.ProfileValueUtils - Retrieved ProfileValueSource type [class org.springframework.test.annotation.SystemProfileValueSource] for class [com.group3.Login.Services.UsersAuthorizationTest]
05:04:32.711 [Test worker] DEBUG org.springframework.test.annotation.ProfileValueUtils - Retrieved @ProfileValueSourceConfiguration [null] for test class [com.group3.Login.Services.UsersAuthorizationTest]
05:04:32.711 [Test worker] DEBUG org.springframework.test.annotation.ProfileValueUtils - Retrieved ProfileValueSource type [class org.springframework.test.annotation.SystemProfileValueSource] for class [com.group3.Login.Services.UsersAuthorizationTest]
05:04:32.716 [Test worker] DEBUG org.springframework.test.context.support.AbstractDirtiesContextTestExecutionListener - Before test class: context [DefaultTestContext@560cfe05 testClass = UsersAuthorizationTest, testInstance = [null], testMethod = [null], testException = [null], mergedContextConfiguration = [WebMergedContextConfiguration@27303427 testClass = UsersAuthorizationTest, locations = '{}', classes = '{class com.group3.groupmanager.GroupmanagerApplication}', contextInitializerClasses = '[]', activeProfiles = '{}', propertySourceLocations = '{}', propertySourceProperties = '{org.springframework.boot.test.context.SpringBootTestContextBootstrapper=true, server.port=0}', contextCustomizers = set[org.springframework.boot.test.autoconfigure.properties.PropertyMappingContextCustomizer@0, org.springframework.boot.test.autoconfigure.web.servlet.WebDriverContextCustomizerFactory$Customizer@18d3a9ce, org.springframework.boot.test.context.filter.ExcludeFilterContextCustomizer@7c07c7d9, org.springframework.boot.test.json.DuplicateJsonObjectContextCustomizerFactory$DuplicateJsonObjectContextCustomizer@17cf7e8d, org.springframework.boot.test.mock.mockito.MockitoContextCustomizer@0, org.springframework.boot.test.web.client.TestRestTemplateContextCustomizer@6e0aef8b], resourceBasePath = 'src/main/webapp', contextLoader = 'org.springframework.boot.test.context.SpringBootContextLoader', parent = [null]], attributes = map['org.springframework.test.context.web.ServletTestExecutionListener.activateListener' -> false]], class annotated with @DirtiesContext [false] with mode [null].
05:04:32.718 [Test worker] DEBUG org.springframework.test.annotation.ProfileValueUtils - Retrieved @ProfileValueSourceConfiguration [null] for test class [com.group3.Login.Services.UsersAuthorizationTest]
05:04:32.718 [Test worker] DEBUG org.springframework.test.annotation.ProfileValueUtils - Retrieved ProfileValueSource type [class org.springframework.test.annotation.SystemProfileValueSource] for class [com.group3.Login.Services.UsersAuthorizationTest]
05:04:32.725 [Test worker] DEBUG org.springframework.test.context.support.DependencyInjectionTestExecutionListener - Performing dependency injection for test context [[DefaultTestContext@560cfe05 testClass = UsersAuthorizationTest, testInstance = com.group3.Login.Services.UsersAuthorizationTest@7c50ee9d, testMethod = [null], testException = [null], mergedContextConfiguration = [WebMergedContextConfiguration@27303427 testClass = UsersAuthorizationTest, locations = '{}', classes = '{class com.group3.groupmanager.GroupmanagerApplication}', contextInitializerClasses = '[]', activeProfiles = '{}', propertySourceLocations = '{}', propertySourceProperties = '{org.springframework.boot.test.context.SpringBootTestContextBootstrapper=true, server.port=0}', contextCustomizers = set[org.springframework.boot.test.autoconfigure.properties.PropertyMappingContextCustomizer@0, org.springframework.boot.test.autoconfigure.web.servlet.WebDriverContextCustomizerFactory$Customizer@18d3a9ce, org.springframework.boot.test.context.filter.ExcludeFilterContextCustomizer@7c07c7d9, org.springframework.boot.test.json.DuplicateJsonObjectContextCustomizerFactory$DuplicateJsonObjectContextCustomizer@17cf7e8d, org.springframework.boot.test.mock.mockito.MockitoContextCustomizer@0, org.springframework.boot.test.web.client.TestRestTemplateContextCustomizer@6e0aef8b], resourceBasePath = 'src/main/webapp', contextLoader = 'org.springframework.boot.test.context.SpringBootContextLoader', parent = [null]], attributes = map['org.springframework.test.context.web.ServletTestExecutionListener.activateListener' -> false]]].
05:04:32.804 [Test worker] DEBUG org.springframework.test.context.support.TestPropertySourceUtils - Adding inlined properties to environment: {spring.jmx.enabled=false, org.springframework.boot.test.context.SpringBootTestContextBootstrapper=true, server.port=0}

  .   ____          _            __ _ _
 /\\ / ___'_ __ _ _(_)_ __  __ _ \ \ \ \
( ( )\___ | '_ | '_| | '_ \/ _` | \ \ \ \
 \\/  ___)| |_)| | | | | || (_| |  ) ) ) )
  '  |____| .__|_| |_|_| |_\__, | / / / /
 =========|_|==============|___/=/_/_/_/
 :: Spring Boot ::        (v2.2.4.RELEASE)

2020-03-06 05:04:33.762  INFO 43250 --- [    Test worker] c.g.L.Services.UsersAuthorizationTest    : Starting UsersAuthorizationTest on TA143.WPA.Dal.Ca with PID 43250 (started by parthpanchal7 in /Users/parthpanchal7/Documents/realsedProject/freshRepo/group-three)
2020-03-06 05:04:33.764  INFO 43250 --- [    Test worker] c.g.L.Services.UsersAuthorizationTest    : No active profile set, falling back to default profiles: default
2020-03-06 05:04:36.800  INFO 43250 --- [    Test worker] o.s.b.w.embedded.tomcat.TomcatWebServer  : Tomcat initialized with port(s): 0 (http)
2020-03-06 05:04:36.824  INFO 43250 --- [    Test worker] o.apache.catalina.core.StandardService   : Starting service [Tomcat]
2020-03-06 05:04:36.825  INFO 43250 --- [    Test worker] org.apache.catalina.core.StandardEngine  : Starting Servlet engine: [Apache Tomcat/9.0.30]
2020-03-06 05:04:37.060  INFO 43250 --- [    Test worker] o.a.c.c.C.[Tomcat].[localhost].[/]       : Initializing Spring embedded WebApplicationContext
2020-03-06 05:04:37.060  INFO 43250 --- [    Test worker] o.s.web.context.ContextLoader            : Root WebApplicationContext: initialization completed in 3245 ms
2020-03-06 05:04:37.737  INFO 43250 --- [    Test worker] c.g.C.DAO.ValidationRulesLoaderDAO       : CHECK_EMPTY_STRING
2020-03-06 05:04:37.741  INFO 43250 --- [    Test worker] c.g.C.DAO.ValidationRulesLoaderDAO       : CHECK_START_NUMERIC
2020-03-06 05:04:37.741  INFO 43250 --- [    Test worker] c.g.C.DAO.ValidationRulesLoaderDAO       : CHECK_START_SPECIAL_CHAR
2020-03-06 05:04:37.743  INFO 43250 --- [    Test worker] c.g.C.Services.ValidationRulesLoader     : CHECK_EMPTY_STRING
2020-03-06 05:04:37.744  INFO 43250 --- [    Test worker] c.g.C.Services.ValidationRulesLoader     : enabling empty string checking..
2020-03-06 05:04:37.745  INFO 43250 --- [    Test worker] c.g.C.Services.ValidationRulesLoader     : CHECK_START_NUMERIC
2020-03-06 05:04:37.745  INFO 43250 --- [    Test worker] c.g.C.Services.ValidationRulesLoader     : enabling starting numeric check service..
2020-03-06 05:04:37.746  INFO 43250 --- [    Test worker] c.g.C.Services.ValidationRulesLoader     : CHECK_START_SPECIAL_CHAR
2020-03-06 05:04:37.746  INFO 43250 --- [    Test worker] c.g.C.Services.ValidationRulesLoader     : enabling special character check service..
2020-03-06 05:04:37.754  INFO 43250 --- [    Test worker] c.g.C.Services.DeleteQuestionService     : DeleteQuestionService constructor called!
2020-03-06 05:04:37.755  INFO 43250 --- [    Test worker] c.g.C.Services.ObtainQuestionsService    : ObtainQuestions constructor called!
2020-03-06 05:04:37.760  INFO 43250 --- [    Test worker] c.g.C.Services.ObtainQuestionsService    : ObtainQuestions constructor called!
2020-03-06 05:04:37.768  INFO 43250 --- [    Test worker] c.g.C.Services.ObtainQuestionsService    : ObtainQuestions constructor called!
2020-03-06 05:04:39.162  INFO 43250 --- [    Test worker] o.s.s.web.DefaultSecurityFilterChain     : Creating filter chain: any request, [org.springframework.security.web.context.request.async.WebAsyncManagerIntegrationFilter@54a4368, org.springframework.security.web.context.SecurityContextPersistenceFilter@524e379a, org.springframework.security.web.header.HeaderWriterFilter@24c1f27a, org.springframework.web.filter.CorsFilter@43e93e8b, org.springframework.security.web.authentication.logout.LogoutFilter@2918ad37, org.springframework.security.web.authentication.UsernamePasswordAuthenticationFilter@63505ec6, org.springframework.security.web.savedrequest.RequestCacheAwareFilter@2e3f07b, org.springframework.security.web.servletapi.SecurityContextHolderAwareRequestFilter@7e96d9e7, org.springframework.security.web.authentication.AnonymousAuthenticationFilter@7ad9c337, org.springframework.security.web.session.SessionManagementFilter@73e254d8, org.springframework.security.web.access.ExceptionTranslationFilter@1ca7ba46, org.springframework.security.web.access.intercept.FilterSecurityInterceptor@1da4f5bf]
2020-03-06 05:04:39.420  INFO 43250 --- [    Test worker] o.s.s.concurrent.ThreadPoolTaskExecutor  : Initializing ExecutorService 'applicationTaskExecutor'
2020-03-06 05:04:39.950  INFO 43250 --- [    Test worker] o.s.b.w.embedded.tomcat.TomcatWebServer  : Tomcat started on port(s): 59453 (http) with context path ''
2020-03-06 05:04:39.956  INFO 43250 --- [    Test worker] c.g.L.Services.UsersAuthorizationTest    : Started UsersAuthorizationTest in 7.146 seconds (JVM running for 10.658)
2020-03-06 05:04:40.862  INFO 43250 --- [    Test worker] o.a.c.c.C.[Tomcat].[localhost].[/]       : Initializing Spring TestDispatcherServlet ''
2020-03-06 05:04:40.863  INFO 43250 --- [    Test worker] o.s.t.web.servlet.TestDispatcherServlet  : Initializing Servlet ''
2020-03-06 05:04:40.900  INFO 43250 --- [    Test worker] o.s.t.web.servlet.TestDispatcherServlet  : Completed initialization in 37 ms
2020-03-06 05:04:41.036  WARN 43250 --- [    Test worker] c.g.L.S.CustomAccessDeniedHandler        : User: user attempted to access the protected URL: /importCSV

MockHttpServletRequest:
      HTTP Method = GET
      Request URI = /importCSV
       Parameters = {}
          Headers = []
             Body = <no character encoding set>
    Session Attrs = {SPRING_SECURITY_CONTEXT=org.springframework.security.core.context.SecurityContextImpl@25eb9969: Authentication: org.springframework.security.authentication.UsernamePasswordAuthenticationToken@25eb9969: Principal: org.springframework.security.core.userdetails.User@36ebcb: Username: user; Password: [PROTECTED]; Enabled: true; AccountNonExpired: true; credentialsNonExpired: true; AccountNonLocked: true; Granted Authorities: ROLE_GUEST,ROLE_STUDENT; Credentials: [PROTECTED]; Authenticated: true; Details: null; Granted Authorities: ROLE_GUEST, ROLE_STUDENT}

Handler:
             Type = null

Async:
    Async started = false
     Async result = null

Resolved Exception:
             Type = null

ModelAndView:
        View name = null
             View = null
            Model = null

FlashMap:
       Attributes = null

MockHttpServletResponse:
           Status = 302
    Error message = null
          Headers = [Vary:"Origin", "Access-Control-Request-Method", "Access-Control-Request-Headers", X-Content-Type-Options:"nosniff", X-XSS-Protection:"1; mode=block", Cache-Control:"no-cache, no-store, max-age=0, must-revalidate", Pragma:"no-cache", Expires:"0", X-Frame-Options:"DENY", Location:"/accessdenied"]
     Content type = null
             Body = 
    Forwarded URL = null
   Redirected URL = /accessdenied
          Cookies = []
2020-03-06 05:04:41.159  INFO 43250 --- [    Test worker] o.a.c.c.C.[Tomcat].[localhost].[/]       : Initializing Spring TestDispatcherServlet ''
2020-03-06 05:04:41.160  INFO 43250 --- [    Test worker] o.s.t.web.servlet.TestDispatcherServlet  : Initializing Servlet ''
2020-03-06 05:04:41.165  INFO 43250 --- [    Test worker] o.s.t.web.servlet.TestDispatcherServlet  : Completed initialization in 4 ms
2020-03-06 05:04:41.170  WARN 43250 --- [    Test worker] c.g.L.S.CustomAccessDeniedHandler        : User: user attempted to access the protected URL: /searchStudent

MockHttpServletRequest:
      HTTP Method = GET
      Request URI = /searchStudent
       Parameters = {}
          Headers = []
             Body = <no character encoding set>
    Session Attrs = {SPRING_SECURITY_CONTEXT=org.springframework.security.core.context.SecurityContextImpl@25eb9969: Authentication: org.springframework.security.authentication.UsernamePasswordAuthenticationToken@25eb9969: Principal: org.springframework.security.core.userdetails.User@36ebcb: Username: user; Password: [PROTECTED]; Enabled: true; AccountNonExpired: true; credentialsNonExpired: true; AccountNonLocked: true; Granted Authorities: ROLE_GUEST,ROLE_STUDENT; Credentials: [PROTECTED]; Authenticated: true; Details: null; Granted Authorities: ROLE_GUEST, ROLE_STUDENT}

Handler:
             Type = null

Async:
    Async started = false
     Async result = null

Resolved Exception:
             Type = null

ModelAndView:
        View name = null
             View = null
            Model = null

FlashMap:
       Attributes = null

MockHttpServletResponse:
           Status = 302
    Error message = null
          Headers = [Vary:"Origin", "Access-Control-Request-Method", "Access-Control-Request-Headers", X-Content-Type-Options:"nosniff", X-XSS-Protection:"1; mode=block", Cache-Control:"no-cache, no-store, max-age=0, must-revalidate", Pragma:"no-cache", Expires:"0", X-Frame-Options:"DENY", Location:"/accessdenied"]
     Content type = null
             Body = 
    Forwarded URL = null
   Redirected URL = /accessdenied
          Cookies = []
2020-03-06 05:04:41.254  INFO 43250 --- [    Test worker] o.a.c.c.C.[Tomcat].[localhost].[/]       : Initializing Spring TestDispatcherServlet ''
2020-03-06 05:04:41.255  INFO 43250 --- [    Test worker] o.s.t.web.servlet.TestDispatcherServlet  : Initializing Servlet ''
2020-03-06 05:04:41.264  INFO 43250 --- [    Test worker] o.s.t.web.servlet.TestDispatcherServlet  : Completed initialization in 9 ms
2020-03-06 05:04:41.296  WARN 43250 --- [    Test worker] c.g.L.S.CustomAccessDeniedHandler        : User: user attempted to access the protected URL: /upload-csv-file

MockHttpServletRequest:
      HTTP Method = GET
      Request URI = /upload-csv-file
       Parameters = {}
          Headers = []
             Body = <no character encoding set>
    Session Attrs = {SPRING_SECURITY_CONTEXT=org.springframework.security.core.context.SecurityContextImpl@25eb9969: Authentication: org.springframework.security.authentication.UsernamePasswordAuthenticationToken@25eb9969: Principal: org.springframework.security.core.userdetails.User@36ebcb: Username: user; Password: [PROTECTED]; Enabled: true; AccountNonExpired: true; credentialsNonExpired: true; AccountNonLocked: true; Granted Authorities: ROLE_GUEST,ROLE_STUDENT; Credentials: [PROTECTED]; Authenticated: true; Details: null; Granted Authorities: ROLE_GUEST, ROLE_STUDENT}

Handler:
             Type = null

Async:
    Async started = false
     Async result = null

Resolved Exception:
             Type = null

ModelAndView:
        View name = null
             View = null
            Model = null

FlashMap:
       Attributes = null

MockHttpServletResponse:
           Status = 302
    Error message = null
          Headers = [Vary:"Origin", "Access-Control-Request-Method", "Access-Control-Request-Headers", X-Content-Type-Options:"nosniff", X-XSS-Protection:"1; mode=block", Cache-Control:"no-cache, no-store, max-age=0, must-revalidate", Pragma:"no-cache", Expires:"0", X-Frame-Options:"DENY", Location:"/accessdenied"]
     Content type = null
             Body = 
    Forwarded URL = null
   Redirected URL = /accessdenied
          Cookies = []
2020-03-06 05:04:41.323  INFO 43250 --- [    Test worker] o.a.c.c.C.[Tomcat].[localhost].[/]       : Initializing Spring TestDispatcherServlet ''
2020-03-06 05:04:41.323  INFO 43250 --- [    Test worker] o.s.t.web.servlet.TestDispatcherServlet  : Initializing Servlet ''
2020-03-06 05:04:41.326  INFO 43250 --- [    Test worker] o.s.t.web.servlet.TestDispatcherServlet  : Completed initialization in 3 ms
2020-03-06 05:04:41.329  WARN 43250 --- [    Test worker] c.g.L.S.CustomAccessDeniedHandler        : User: user attempted to access the protected URL: /showAllStudents

MockHttpServletRequest:
      HTTP Method = GET
      Request URI = /showAllStudents
       Parameters = {}
          Headers = []
             Body = <no character encoding set>
    Session Attrs = {SPRING_SECURITY_CONTEXT=org.springframework.security.core.context.SecurityContextImpl@25eb9969: Authentication: org.springframework.security.authentication.UsernamePasswordAuthenticationToken@25eb9969: Principal: org.springframework.security.core.userdetails.User@36ebcb: Username: user; Password: [PROTECTED]; Enabled: true; AccountNonExpired: true; credentialsNonExpired: true; AccountNonLocked: true; Granted Authorities: ROLE_GUEST,ROLE_STUDENT; Credentials: [PROTECTED]; Authenticated: true; Details: null; Granted Authorities: ROLE_GUEST, ROLE_STUDENT}

Handler:
             Type = null

Async:
    Async started = false
     Async result = null

Resolved Exception:
             Type = null

ModelAndView:
        View name = null
             View = null
            Model = null

FlashMap:
       Attributes = null

MockHttpServletResponse:
           Status = 302
    Error message = null
          Headers = [Vary:"Origin", "Access-Control-Request-Method", "Access-Control-Request-Headers", X-Content-Type-Options:"nosniff", X-XSS-Protection:"1; mode=block", Cache-Control:"no-cache, no-store, max-age=0, must-revalidate", Pragma:"no-cache", Expires:"0", X-Frame-Options:"DENY", Location:"/accessdenied"]
     Content type = null
             Body = 
    Forwarded URL = null
   Redirected URL = /accessdenied
          Cookies = []
2020-03-06 05:04:41.366  INFO 43250 --- [    Test worker] o.a.c.c.C.[Tomcat].[localhost].[/]       : Initializing Spring TestDispatcherServlet ''
2020-03-06 05:04:41.366  INFO 43250 --- [    Test worker] o.s.t.web.servlet.TestDispatcherServlet  : Initializing Servlet ''
2020-03-06 05:04:41.371  INFO 43250 --- [    Test worker] o.s.t.web.servlet.TestDispatcherServlet  : Completed initialization in 5 ms
2020-03-06 05:04:41.373  WARN 43250 --- [    Test worker] c.g.L.S.CustomAccessDeniedHandler        : User: user attempted to access the protected URL: /addTA

MockHttpServletRequest:
      HTTP Method = GET
      Request URI = /addTA
       Parameters = {}
          Headers = []
             Body = <no character encoding set>
    Session Attrs = {SPRING_SECURITY_CONTEXT=org.springframework.security.core.context.SecurityContextImpl@25eb9969: Authentication: org.springframework.security.authentication.UsernamePasswordAuthenticationToken@25eb9969: Principal: org.springframework.security.core.userdetails.User@36ebcb: Username: user; Password: [PROTECTED]; Enabled: true; AccountNonExpired: true; credentialsNonExpired: true; AccountNonLocked: true; Granted Authorities: ROLE_GUEST,ROLE_STUDENT; Credentials: [PROTECTED]; Authenticated: true; Details: null; Granted Authorities: ROLE_GUEST, ROLE_STUDENT}

Handler:
             Type = null

Async:
    Async started = false
     Async result = null

Resolved Exception:
             Type = null

ModelAndView:
        View name = null
             View = null
            Model = null

FlashMap:
       Attributes = null

MockHttpServletResponse:
           Status = 302
    Error message = null
          Headers = [Vary:"Origin", "Access-Control-Request-Method", "Access-Control-Request-Headers", X-Content-Type-Options:"nosniff", X-XSS-Protection:"1; mode=block", Cache-Control:"no-cache, no-store, max-age=0, must-revalidate", Pragma:"no-cache", Expires:"0", X-Frame-Options:"DENY", Location:"/accessdenied"]
     Content type = null
             Body = 
    Forwarded URL = null
   Redirected URL = /accessdenied
          Cookies = []
2020-03-06 05:04:41.417  INFO 43250 --- [    Test worker] o.a.c.c.C.[Tomcat].[localhost].[/]       : Initializing Spring TestDispatcherServlet ''
2020-03-06 05:04:41.417  INFO 43250 --- [    Test worker] o.s.t.web.servlet.TestDispatcherServlet  : Initializing Servlet ''
2020-03-06 05:04:41.448  INFO 43250 --- [    Test worker] o.s.t.web.servlet.TestDispatcherServlet  : Completed initialization in 31 ms
2020-03-06 05:04:41.479  WARN 43250 --- [    Test worker] c.g.L.S.CustomAccessDeniedHandler        : User: user attempted to access the protected URL: /selectCourse

MockHttpServletRequest:
      HTTP Method = GET
      Request URI = /selectCourse
       Parameters = {}
          Headers = []
             Body = <no character encoding set>
    Session Attrs = {SPRING_SECURITY_CONTEXT=org.springframework.security.core.context.SecurityContextImpl@8f8ce3b: Authentication: org.springframework.security.authentication.UsernamePasswordAuthenticationToken@8f8ce3b: Principal: org.springframework.security.core.userdetails.User@36ebcb: Username: user; Password: [PROTECTED]; Enabled: true; AccountNonExpired: true; credentialsNonExpired: true; AccountNonLocked: true; Granted Authorities: ROLE_GUEST; Credentials: [PROTECTED]; Authenticated: true; Details: null; Granted Authorities: ROLE_GUEST}

Handler:
             Type = null

Async:
    Async started = false
     Async result = null

Resolved Exception:
             Type = null

ModelAndView:
        View name = null
             View = null
            Model = null

FlashMap:
       Attributes = null

MockHttpServletResponse:
           Status = 302
    Error message = null
          Headers = [Vary:"Origin", "Access-Control-Request-Method", "Access-Control-Request-Headers", X-Content-Type-Options:"nosniff", X-XSS-Protection:"1; mode=block", Cache-Control:"no-cache, no-store, max-age=0, must-revalidate", Pragma:"no-cache", Expires:"0", X-Frame-Options:"DENY", Location:"/accessdenied"]
     Content type = null
             Body = 
    Forwarded URL = null
   Redirected URL = /accessdenied
          Cookies = []
]]></system-out>
  <system-err><![CDATA[]]></system-err>
</testsuite>
