<?xml version="1.0" encoding="UTF-8"?>
<testsuite name="com.group3.AdminAndAuthorization.DAO.UserRoleHandlerDAOTest" tests="2" skipped="0" failures="0" errors="0" timestamp="2020-03-06T09:05:15" hostname="Parths-MacBook-Air.local" time="0.067">
  <properties/>
  <testcase name="testUpdateUserRole()" classname="com.group3.AdminAndAuthorization.DAO.UserRoleHandlerDAOTest" time="0.038"/>
  <testcase name="testReturnUserRole()" classname="com.group3.AdminAndAuthorization.DAO.UserRoleHandlerDAOTest" time="0.026"/>
  <system-out><![CDATA[Guest
Guest
]]></system-out>
  <system-err><![CDATA[]]></system-err>
</testsuite>
