<?xml version="1.0" encoding="UTF-8"?>
<testsuite name="com.group3.AdminAndAuthorization.DAO.DeleteCourseDAOTest" tests="1" skipped="0" failures="0" errors="0" timestamp="2020-03-06T09:05:15" hostname="Parths-MacBook-Air.local" time="0.126">
  <properties/>
  <testcase name="testDeleteCourse()" classname="com.group3.AdminAndAuthorization.DAO.DeleteCourseDAOTest" time="0.126"/>
  <system-out><![CDATA[]]></system-out>
  <system-err><![CDATA[]]></system-err>
</testsuite>
