<?xml version="1.0" encoding="UTF-8"?>
<testsuite name="com.group3.ApplicationContext.ConfigApplicationContextTest" tests="2" skipped="0" failures="0" errors="0" timestamp="2020-03-06T09:05:08" hostname="Parths-MacBook-Air.local" time="0.005">
  <properties/>
  <testcase name="testSetApplicationContext()" classname="com.group3.ApplicationContext.ConfigApplicationContextTest" time="0.003"/>
  <testcase name="testGetApplicationContext()" classname="com.group3.ApplicationContext.ConfigApplicationContextTest" time="0.001"/>
  <system-out><![CDATA[]]></system-out>
  <system-err><![CDATA[]]></system-err>
</testsuite>
