<?xml version="1.0" encoding="UTF-8"?>
<testsuite name="com.group3.CreateQuestion.BusinessModels.MCQQuestionsTest" tests="3" skipped="0" failures="0" errors="0" timestamp="2020-03-06T09:05:07" hostname="Parths-MacBook-Air.local" time="0.005">
  <properties/>
  <testcase name="getOptionsTest()" classname="com.group3.CreateQuestion.BusinessModels.MCQQuestionsTest" time="0.001"/>
  <testcase name="setOptionsTest()" classname="com.group3.CreateQuestion.BusinessModels.MCQQuestionsTest" time="0.0"/>
  <testcase name="addQuestionTest()" classname="com.group3.CreateQuestion.BusinessModels.MCQQuestionsTest" time="0.001"/>
  <system-out><![CDATA[]]></system-out>
  <system-err><![CDATA[]]></system-err>
</testsuite>
