<?xml version="1.0" encoding="UTF-8"?>
<testsuite name="com.group3.BusinessModels.CourseTest" tests="4" skipped="0" failures="0" errors="0" timestamp="2020-03-06T09:05:08" hostname="Parths-MacBook-Air.local" time="0.006">
  <properties/>
  <testcase name="testGetCourseName()" classname="com.group3.BusinessModels.CourseTest" time="0.001"/>
  <testcase name="testSetCourseName()" classname="com.group3.BusinessModels.CourseTest" time="0.0"/>
  <testcase name="testSetCourseID()" classname="com.group3.BusinessModels.CourseTest" time="0.001"/>
  <testcase name="testGetCourseID()" classname="com.group3.BusinessModels.CourseTest" time="0.001"/>
  <system-out><![CDATA[]]></system-out>
  <system-err><![CDATA[]]></system-err>
</testsuite>
