<?xml version="1.0" encoding="UTF-8"?>
<testsuite name="com.group3.CreateQuestion.DAO.RemoveQuestionsDAOTest" tests="1" skipped="0" failures="0" errors="0" timestamp="2020-03-06T09:05:03" hostname="Parths-MacBook-Air.local" time="0.172">
  <properties/>
  <testcase name="test()" classname="com.group3.CreateQuestion.DAO.RemoveQuestionsDAOTest" time="0.172"/>
  <system-out><![CDATA[2020-03-06 05:05:03.264  INFO 43250 --- [    Test worker] c.g.C.DAO.RemoveQuestionsDAOTest         : ObtainQuestionsServiceTest setup!
2020-03-06 05:05:03.306  INFO 43250 --- [    Test worker] c.g.C.DAO.RemoveQuestionsDAOTest         : Test Question Inserted!
2020-03-06 05:05:03.310  INFO 43250 --- [    Test worker] c.g.C.DAO.RemoveQuestionsDAOTest         : Test QuestionId retrieved for testing purpose!
2020-03-06 05:05:03.335  INFO 43250 --- [    Test worker] c.g.C.DAO.RemoveQuestionsDAOTest         : Test Option for questionId: 499 Inserted!
2020-03-06 05:05:03.395  INFO 43250 --- [    Test worker] c.g.C.DAO.RemoveQuestionsDAOTest         : Test Instructor for questionId: 499 Inserted!
2020-03-06 05:05:03.401  INFO 43250 --- [    Test worker] c.g.C.DAO.RemoveQuestionsDAOTest         : Test Survey Question for questionId: 499 Inserted!
2020-03-06 05:05:03.407  INFO 43250 --- [    Test worker] c.g.C.DAO.RemoveQuestionsDAOTest         : Test Student Response for questionId: 499 Inserted!
2020-03-06 05:05:03.429  INFO 43250 --- [    Test worker] c.g.C.DAO.RetrieveQuestionsDAO           : Deleting questionId: 499
2020-03-06 05:05:03.435  INFO 43250 --- [    Test worker] c.g.C.DAO.RetrieveQuestionsDAO           : Question Id: 499 along with all its mappings in QUESTIONS, MULTIPLE_CHOICE_QUESTIONS, INSTRUCTOR_QUESTION_MAPPING, SURVEY_QUESTIONS, AND RESPONSE deleted!
]]></system-out>
  <system-err><![CDATA[]]></system-err>
</testsuite>
