<?xml version="1.0" encoding="UTF-8"?>
<testsuite name="com.group3.AdminAndAuthorization.DAO.GrantInstructorAccessDAOTest" tests="1" skipped="0" failures="0" errors="0" timestamp="2020-03-06T09:05:14" hostname="Parths-MacBook-Air.local" time="0.031">
  <properties/>
  <testcase name="testReturnEligibleUsersList()" classname="com.group3.AdminAndAuthorization.DAO.GrantInstructorAccessDAOTest" time="0.031"/>
  <system-out><![CDATA[]]></system-out>
  <system-err><![CDATA[]]></system-err>
</testsuite>
